Using pre-set license

 COMMAND LINE ARGUMENTS:
/Users/stevo/Unity Lab/2020.3.11f1/Unity.app/Contents/MacOS/Unity
-adb2
-batchMode
-noUpm
-name
AssetImportWorker0
-projectPath
/Users/stevo/git/UNITY/R&D/Barebones
-logFile
Logs/AssetImportWorker0.log
-srvPort
61842
Successfully changed project path to: /Users/stevo/git/UNITY/R&D/Barebones
/Users/stevo/git/UNITY/R&D/Barebones
Using Asset Import Pipeline V2.
Refreshing native plugins compatible for Editor in 25.15 ms, found 2 plugins.
Preloading 0 native plugins for Editor in 0.00 ms.
Initialize engine version: 2020.3.11f1 (99c7afb366b3)
[Subsystems] Discovering subsystems at path /Users/stevo/Unity Lab/2020.3.11f1/Unity.app/Contents/Resources/UnitySubsystems
[Subsystems] Discovering subsystems at path /Users/stevo/git/UNITY/R&D/Barebones/Assets
GfxDevice: creating device client; threaded=0
2021-06-12 08:37:13.807 Unity[5612:227491] C27F398 preferred device: AMD Radeon RX 580 (high power, removable)
2021-06-12 08:37:13.808 Unity[5612:227491] Metal devices available: 2
2021-06-12 08:37:13.808 Unity[5612:227491] 0: AMD Radeon RX 580 (high power, removable)
2021-06-12 08:37:13.808 Unity[5612:227491] 1: Intel(R) Iris(TM) Plus Graphics 655 (low power)
2021-06-12 08:37:13.808 Unity[5612:227491] Using device AMD Radeon RX 580 (high power, removable)
Initializing Metal device caps: AMD Radeon RX 580
Initialize mono
Mono path[0] = '/Users/stevo/Unity Lab/2020.3.11f1/Unity.app/Contents/Managed'
Mono path[1] = '/Users/stevo/Unity Lab/2020.3.11f1/Unity.app/Contents/MonoBleedingEdge/lib/mono/unityjit'
Mono config path = '/Users/stevo/Unity Lab/2020.3.11f1/Unity.app/Contents/MonoBleedingEdge/etc'
Using monoOptions --debugger-agent=transport=dt_socket,embedding=1,server=y,suspend=n,address=127.0.0.1:56612
Begin MonoManager ReloadAssembly
Registering precompiled unity dll's ...
Register platform support module: /Users/stevo/Unity Lab/2020.3.11f1/Unity.app/Contents/PlaybackEngines/MacStandaloneSupport/UnityEditor.OSXStandalone.Extensions.dll
Registered in 0.000937 seconds.
Native extension for OSXStandalone target not found
Refreshing native plugins compatible for Editor in 24.64 ms, found 2 plugins.
Preloading 0 native plugins for Editor in 0.00 ms.
Mono: successfully reloaded assembly
- Completed reload, in  1.680 seconds
Platform modules already initialized, skipping
Registering precompiled user dll's ...
Registered in 0.002125 seconds.
Begin MonoManager ReloadAssembly
Native extension for OSXStandalone target not found
Refreshing native plugins compatible for Editor in 0.31 ms, found 2 plugins.
Preloading 0 native plugins for Editor in 0.00 ms.
Mono: successfully reloaded assembly
- Completed reload, in  1.109 seconds
Platform modules already initialized, skipping
========================================================================
Worker process is ready to serve import requests
Launching external process: /Users/stevo/Unity Lab/2020.3.11f1/Unity.app/Contents/Tools/UnityShaderCompiler
Launched and connected shader compiler UnityShaderCompiler after 0.01 seconds
Refreshing native plugins compatible for Editor in 0.30 ms, found 2 plugins.
Preloading 0 native plugins for Editor in 0.00 ms.
Unloading 1386 Unused Serialized files (Serialized files now loaded: 0)
System memory in use before: 134.4 MB.
System memory in use after: 134.4 MB.

Unloading 19 unused Assets to reduce memory usage. Loaded Objects now: 1819.
Total: 1.845163 ms (FindLiveObjects: 0.161267 ms CreateObjectMapping: 0.042053 ms MarkObjects: 1.575324 ms  DeleteObjects: 0.065804 ms)

========================================================================
Received Import Request.
  path: Assets/Scenes
  artifactKey: Guid(bb82cafcb5a1d4553b1aca64953b3914) Importer(815301076,1909f56bfc062723c751e8b465ee728b)
Start importing Assets/Scenes using Guid(bb82cafcb5a1d4553b1aca64953b3914) Importer(815301076,1909f56bfc062723c751e8b465ee728b)  -> (artifact id: 'fcdce56f41e1b0bb1c2cde492f202eee') in 0.004683 seconds
  Import took 0.006639 seconds .

========================================================================
Received Import Request.
  Time since last request: 209.839254 seconds.
  path: Assets/Scenes/SampleScene.unity
  artifactKey: Guid(9fc0d4010bbf28b4594072e72b8655ab) Importer(815301076,1909f56bfc062723c751e8b465ee728b)
Start importing Assets/Scenes/SampleScene.unity using Guid(9fc0d4010bbf28b4594072e72b8655ab) Importer(815301076,1909f56bfc062723c751e8b465ee728b)  -> (artifact id: '85059f4f9e1a832ed95adaa0d25c5c4c') in 0.010462 seconds
  Import took 0.013643 seconds .

========================================================================
Received Prepare
Registering precompiled user dll's ...
Registered in 0.001429 seconds.
Begin MonoManager ReloadAssembly
Native extension for OSXStandalone target not found
Refreshing native plugins compatible for Editor in 0.30 ms, found 2 plugins.
Preloading 0 native plugins for Editor in 0.00 ms.
Mono: successfully reloaded assembly
- Completed reload, in  1.023 seconds
Platform modules already initialized, skipping
Refreshing native plugins compatible for Editor in 0.23 ms, found 2 plugins.
Preloading 0 native plugins for Editor in 0.00 ms.
Unloading 1381 Unused Serialized files (Serialized files now loaded: 0)
System memory in use before: 134.5 MB.
System memory in use after: 134.5 MB.

Unloading 14 unused Assets to reduce memory usage. Loaded Objects now: 1822.
Total: 1.596057 ms (FindLiveObjects: 0.131650 ms CreateObjectMapping: 0.035895 ms MarkObjects: 1.381867 ms  DeleteObjects: 0.045861 ms)

========================================================================
Received Prepare
Registering precompiled user dll's ...
Registered in 0.001266 seconds.
Begin MonoManager ReloadAssembly
Native extension for OSXStandalone target not found
Refreshing native plugins compatible for Editor in 0.38 ms, found 2 plugins.
Preloading 0 native plugins for Editor in 0.00 ms.
Mono: successfully reloaded assembly
- Completed reload, in  1.104 seconds
Platform modules already initialized, skipping
Refreshing native plugins compatible for Editor in 0.46 ms, found 2 plugins.
Preloading 0 native plugins for Editor in 0.00 ms.
Unloading 1382 Unused Serialized files (Serialized files now loaded: 0)
System memory in use before: 134.7 MB.
System memory in use after: 134.7 MB.

Unloading 14 unused Assets to reduce memory usage. Loaded Objects now: 1826.
Total: 1.597461 ms (FindLiveObjects: 0.130694 ms CreateObjectMapping: 0.035555 ms MarkObjects: 1.386859 ms  DeleteObjects: 0.043727 ms)

========================================================================
Received Prepare
Registering precompiled user dll's ...
Registered in 0.001446 seconds.
Begin MonoManager ReloadAssembly
Native extension for OSXStandalone target not found
Refreshing native plugins compatible for Editor in 0.39 ms, found 2 plugins.
Preloading 0 native plugins for Editor in 0.00 ms.
Mono: successfully reloaded assembly
- Completed reload, in  1.112 seconds
Platform modules already initialized, skipping
Refreshing native plugins compatible for Editor in 0.26 ms, found 2 plugins.
Preloading 0 native plugins for Editor in 0.00 ms.
Unloading 1382 Unused Serialized files (Serialized files now loaded: 0)
System memory in use before: 134.9 MB.
System memory in use after: 134.9 MB.

Unloading 14 unused Assets to reduce memory usage. Loaded Objects now: 1829.
Total: 2.338896 ms (FindLiveObjects: 0.128803 ms CreateObjectMapping: 0.036936 ms MarkObjects: 2.028772 ms  DeleteObjects: 0.143549 ms)

========================================================================
Received Import Request.
  Time since last request: 1105.556554 seconds.
  path: Assets/NewBehaviourScript.cs
  artifactKey: Guid(bbd5c73313a9a4102bcda4eacaa912d3) Importer(815301076,1909f56bfc062723c751e8b465ee728b)
Start importing Assets/NewBehaviourScript.cs using Guid(bbd5c73313a9a4102bcda4eacaa912d3) Importer(815301076,1909f56bfc062723c751e8b465ee728b)  -> (artifact id: 'f7abb2166b1e62605add49b097313fbb') in 0.323097 seconds
  Import took 0.325759 seconds .

========================================================================
Received Import Request.
  Time since last request: 9.785802 seconds.
  path: Assets/CustomComponent.cs
  artifactKey: Guid(bbd5c73313a9a4102bcda4eacaa912d3) Importer(815301076,1909f56bfc062723c751e8b465ee728b)
Start importing Assets/CustomComponent.cs using Guid(bbd5c73313a9a4102bcda4eacaa912d3) Importer(815301076,1909f56bfc062723c751e8b465ee728b)  -> (artifact id: 'faf9976381dbd8040ae6c47edb085069') in 0.003783 seconds
  Import took 0.006110 seconds .

========================================================================
Received Prepare
Registering precompiled user dll's ...
Registered in 0.001876 seconds.
Begin MonoManager ReloadAssembly
Native extension for OSXStandalone target not found
Refreshing native plugins compatible for Editor in 0.32 ms, found 2 plugins.
Preloading 0 native plugins for Editor in 0.00 ms.
Mono: successfully reloaded assembly
- Completed reload, in  1.192 seconds
Platform modules already initialized, skipping
Refreshing native plugins compatible for Editor in 0.33 ms, found 2 plugins.
Preloading 0 native plugins for Editor in 0.00 ms.
Unloading 1382 Unused Serialized files (Serialized files now loaded: 0)
System memory in use before: 139.4 MB.
System memory in use after: 139.5 MB.

Unloading 14 unused Assets to reduce memory usage. Loaded Objects now: 1832.
Total: 1.622796 ms (FindLiveObjects: 0.135113 ms CreateObjectMapping: 0.038658 ms MarkObjects: 1.407340 ms  DeleteObjects: 0.041038 ms)

========================================================================
Received Import Request.
  Time since last request: 225.709876 seconds.
  path: Assets/SecondScene.unity
  artifactKey: Guid(fffcede9f27404392818dd4f23e3ae8a) Importer(815301076,1909f56bfc062723c751e8b465ee728b)
Start importing Assets/SecondScene.unity using Guid(fffcede9f27404392818dd4f23e3ae8a) Importer(815301076,1909f56bfc062723c751e8b465ee728b)  -> (artifact id: '68e47a3bd9b5a74e5c189f3d41b85a0d') in 0.012355 seconds
  Import took 0.014698 seconds .

========================================================================
Received Prepare
Registering precompiled user dll's ...
Registered in 0.001230 seconds.
Begin MonoManager ReloadAssembly
Native extension for OSXStandalone target not found
Refreshing native plugins compatible for Editor in 0.30 ms, found 2 plugins.
Preloading 0 native plugins for Editor in 0.00 ms.
Mono: successfully reloaded assembly
- Completed reload, in  1.095 seconds
Platform modules already initialized, skipping
Refreshing native plugins compatible for Editor in 0.23 ms, found 2 plugins.
Preloading 0 native plugins for Editor in 0.00 ms.
Unloading 1382 Unused Serialized files (Serialized files now loaded: 0)
System memory in use before: 139.6 MB.
System memory in use after: 139.7 MB.

Unloading 14 unused Assets to reduce memory usage. Loaded Objects now: 1835.
Total: 1.690129 ms (FindLiveObjects: 0.149175 ms CreateObjectMapping: 0.033019 ms MarkObjects: 1.466532 ms  DeleteObjects: 0.040742 ms)

========================================================================
Received Prepare
Registering precompiled user dll's ...
Registered in 0.001527 seconds.
Begin MonoManager ReloadAssembly
Native extension for OSXStandalone target not found
Refreshing native plugins compatible for Editor in 0.31 ms, found 2 plugins.
Preloading 0 native plugins for Editor in 0.00 ms.
Mono: successfully reloaded assembly
- Completed reload, in  1.102 seconds
Platform modules already initialized, skipping
Refreshing native plugins compatible for Editor in 0.25 ms, found 2 plugins.
Preloading 0 native plugins for Editor in 0.00 ms.
Unloading 1381 Unused Serialized files (Serialized files now loaded: 0)
System memory in use before: 139.7 MB.
System memory in use after: 139.7 MB.

Unloading 15 unused Assets to reduce memory usage. Loaded Objects now: 1837.
Total: 1.729016 ms (FindLiveObjects: 0.127434 ms CreateObjectMapping: 0.039149 ms MarkObjects: 1.520808 ms  DeleteObjects: 0.041087 ms)

========================================================================
Received Import Request.
  Time since last request: 103.687580 seconds.
  path: Assets/Scenes/SampleScene.unity
  artifactKey: Guid(9fc0d4010bbf28b4594072e72b8655ab) Importer(815301076,1909f56bfc062723c751e8b465ee728b)
Start importing Assets/Scenes/SampleScene.unity using Guid(9fc0d4010bbf28b4594072e72b8655ab) Importer(815301076,1909f56bfc062723c751e8b465ee728b)  -> (artifact id: '1634db4a3b9779b69d8bf0fc47b3efc8') in 0.010840 seconds
  Import took 0.013108 seconds .

========================================================================
Received Import Request.
  Time since last request: 0.003842 seconds.
  path: Assets/Scenes/SampleScene.unity
  artifactKey: Guid(9fc0d4010bbf28b4594072e72b8655ab) Importer(815301076,1909f56bfc062723c751e8b465ee728b)
Start importing Assets/Scenes/SampleScene.unity using Guid(9fc0d4010bbf28b4594072e72b8655ab) Importer(815301076,1909f56bfc062723c751e8b465ee728b)  -> (artifact id: '1634db4a3b9779b69d8bf0fc47b3efc8') in 0.000857 seconds
  Import took 0.002738 seconds .

========================================================================
Received Import Request.
  Time since last request: 39.443134 seconds.
  path: Assets/Scenes/SecondScene.unity
  artifactKey: Guid(fffcede9f27404392818dd4f23e3ae8a) Importer(815301076,1909f56bfc062723c751e8b465ee728b)
Start importing Assets/Scenes/SecondScene.unity using Guid(fffcede9f27404392818dd4f23e3ae8a) Importer(815301076,1909f56bfc062723c751e8b465ee728b)  -> (artifact id: '459e3a0db474ce5fd97339ccaae92c80') in 0.001134 seconds
  Import took 0.003605 seconds .

========================================================================
Received Import Request.
  Time since last request: 0.000758 seconds.
  path: Assets/Scenes/SecondScene.unity
  artifactKey: Guid(fffcede9f27404392818dd4f23e3ae8a) Importer(815301076,1909f56bfc062723c751e8b465ee728b)
Start importing Assets/Scenes/SecondScene.unity using Guid(fffcede9f27404392818dd4f23e3ae8a) Importer(815301076,1909f56bfc062723c751e8b465ee728b)  -> (artifact id: '459e3a0db474ce5fd97339ccaae92c80') in 0.000908 seconds
  Import took 0.002961 seconds .

