Using pre-set license

 COMMAND LINE ARGUMENTS:
/Users/stevo/Applications/Unity Lab/2020.3.13f1/Unity.app/Contents/MacOS/Unity
-adb2
-batchMode
-noUpm
-name
AssetImportWorker0
-projectPath
/Users/stevo/git/UNITY/R&D/3D Demo
-logFile
Logs/AssetImportWorker0.log
-srvPort
59405
Successfully changed project path to: /Users/stevo/git/UNITY/R&D/3D Demo
/Users/stevo/git/UNITY/R&D/3D Demo
Using Asset Import Pipeline V2.
Refreshing native plugins compatible for Editor in 27.41 ms, found 2 plugins.
Preloading 0 native plugins for Editor in 0.00 ms.
Initialize engine version: 2020.3.13f1 (71691879b7f5)
[Subsystems] Discovering subsystems at path /Users/stevo/Applications/Unity Lab/2020.3.13f1/Unity.app/Contents/Resources/UnitySubsystems
[Subsystems] Discovering subsystems at path /Users/stevo/git/UNITY/R&D/3D Demo/Assets
GfxDevice: creating device client; threaded=0
2021-09-10 20:37:15.926 Unity[13493:1120227] (null) preferred device: Intel(R) Iris(TM) Plus Graphics 655 (low power)
2021-09-10 20:37:15.926 Unity[13493:1120227] Metal devices available: 1
2021-09-10 20:37:15.926 Unity[13493:1120227] 0: Intel(R) Iris(TM) Plus Graphics 655 (low power)
2021-09-10 20:37:15.927 Unity[13493:1120227] Using device Intel(R) Iris(TM) Plus Graphics 655 (low power)
Initializing Metal device caps: Intel(R) Iris(TM) Plus Graphics 655
Initialize mono
Mono path[0] = '/Users/stevo/Applications/Unity Lab/2020.3.13f1/Unity.app/Contents/Managed'
Mono path[1] = '/Users/stevo/Applications/Unity Lab/2020.3.13f1/Unity.app/Contents/MonoBleedingEdge/lib/mono/unityjit'
Mono config path = '/Users/stevo/Applications/Unity Lab/2020.3.13f1/Unity.app/Contents/MonoBleedingEdge/etc'
Using monoOptions --debugger-agent=transport=dt_socket,embedding=1,server=y,suspend=n,address=127.0.0.1:56493
Begin MonoManager ReloadAssembly
Registering precompiled unity dll's ...
Register platform support module: /Users/stevo/Applications/Unity Lab/2020.3.13f1/Unity.app/Contents/PlaybackEngines/MacStandaloneSupport/UnityEditor.OSXStandalone.Extensions.dll
Registered in 0.000593 seconds.
Native extension for OSXStandalone target not found
Refreshing native plugins compatible for Editor in 27.93 ms, found 2 plugins.
Preloading 0 native plugins for Editor in 0.00 ms.
Mono: successfully reloaded assembly
- Completed reload, in  1.655 seconds
Platform modules already initialized, skipping
Registering precompiled user dll's ...
Registered in 0.001378 seconds.
Begin MonoManager ReloadAssembly
Native extension for OSXStandalone target not found
Refreshing native plugins compatible for Editor in 0.42 ms, found 2 plugins.
Preloading 0 native plugins for Editor in 0.00 ms.
Mono: successfully reloaded assembly
- Completed reload, in  1.079 seconds
Platform modules already initialized, skipping
========================================================================
Worker process is ready to serve import requests
Launching external process: /Users/stevo/Applications/Unity Lab/2020.3.13f1/Unity.app/Contents/Tools/UnityShaderCompiler
Launched and connected shader compiler UnityShaderCompiler after 0.01 seconds
Refreshing native plugins compatible for Editor in 0.34 ms, found 2 plugins.
Preloading 0 native plugins for Editor in 0.00 ms.
Unloading 1443 Unused Serialized files (Serialized files now loaded: 0)
System memory in use before: 141.4 MB.
System memory in use after: 141.5 MB.

Unloading 19 unused Assets to reduce memory usage. Loaded Objects now: 1884.
Total: 1.942685 ms (FindLiveObjects: 0.143147 ms CreateObjectMapping: 0.035351 ms MarkObjects: 1.686198 ms  DeleteObjects: 0.077103 ms)

AssetImportParameters requested are different than current active one (requested -> active):
  custom:video-decoder-ogg-theora: a1e56fd34408186e4bbccfd4996cb3dc -> 
  custom:container-muxer-webm: aa71ff27fc2769a1b78a27578f13a17b -> 
  custom:container-demuxer-webm: 4f35f7cbe854078d1ac9338744f61a02 -> 
  custom:container-demuxer-ogg: 62fdf1f143b41e24485cea50d1cbac27 -> 
  custom:video-encoder-webm-vp8: eb34c28f22e8b96e1ab97ce403110664 -> 
  custom:framework-osx-AVFoundation: b23960f63f64bdc6ff669e2cdcee2391 -> 
  custom:video-decoder-webm-vp8: 9c59270c3fd7afecdb556c50c9e8de78 -> 
  custom:audio-decoder-ogg-vorbis: bf7c407c2cedff20999df2af8eb42d56 -> 
  custom:audio-encoder-webm-vorbis: bf7c407c2cedff20999df2af8eb42d56 -> 
========================================================================
Received Import Request.
  path: Assets
  artifactKey: Guid(00000000000000001000000000000000) Importer(815301076,1909f56bfc062723c751e8b465ee728b)
Start importing Assets using Guid(00000000000000001000000000000000) Importer(815301076,1909f56bfc062723c751e8b465ee728b)  -> (artifact id: '42d402b061de3733987d63b9cc3b64de') in 0.002955 seconds 
  Import took 0.004702 seconds .

========================================================================
Received Prepare
Registering precompiled user dll's ...
Registered in 0.001448 seconds.
Begin MonoManager ReloadAssembly
Native extension for OSXStandalone target not found
Refreshing native plugins compatible for Editor in 0.37 ms, found 2 plugins.
Preloading 0 native plugins for Editor in 0.00 ms.
Mono: successfully reloaded assembly
- Completed reload, in  0.978 seconds
Platform modules already initialized, skipping
Refreshing native plugins compatible for Editor in 0.34 ms, found 2 plugins.
Preloading 0 native plugins for Editor in 0.00 ms.
Unloading 1436 Unused Serialized files (Serialized files now loaded: 0)
System memory in use before: 141.3 MB.
System memory in use after: 141.4 MB.

Unloading 14 unused Assets to reduce memory usage. Loaded Objects now: 1887.
Total: 1.597908 ms (FindLiveObjects: 0.141251 ms CreateObjectMapping: 0.037456 ms MarkObjects: 1.377259 ms  DeleteObjects: 0.041291 ms)

AssetImportParameters requested are different than current active one (requested -> active):
  custom:video-decoder-ogg-theora: a1e56fd34408186e4bbccfd4996cb3dc -> 
  custom:container-muxer-webm: aa71ff27fc2769a1b78a27578f13a17b -> 
  custom:container-demuxer-webm: 4f35f7cbe854078d1ac9338744f61a02 -> 
  custom:container-demuxer-ogg: 62fdf1f143b41e24485cea50d1cbac27 -> 
  custom:video-encoder-webm-vp8: eb34c28f22e8b96e1ab97ce403110664 -> 
  custom:framework-osx-AVFoundation: b23960f63f64bdc6ff669e2cdcee2391 -> 
  custom:video-decoder-webm-vp8: 9c59270c3fd7afecdb556c50c9e8de78 -> 
  custom:audio-decoder-ogg-vorbis: bf7c407c2cedff20999df2af8eb42d56 -> 
  custom:audio-encoder-webm-vorbis: bf7c407c2cedff20999df2af8eb42d56 -> 
