Using pre-set license

 COMMAND LINE ARGUMENTS:
/Users/stevo/Unity Lab/2020.3.11f1/Unity.app/Contents/MacOS/Unity
-adb2
-batchMode
-noUpm
-name
AssetImportWorker0
-projectPath
/Users/stevo/git/UNITY/R&D/3D Demo
-logFile
Logs/AssetImportWorker0.log
-srvPort
50035
Successfully changed project path to: /Users/stevo/git/UNITY/R&D/3D Demo
/Users/stevo/git/UNITY/R&D/3D Demo
Using Asset Import Pipeline V2.
Refreshing native plugins compatible for Editor in 28.32 ms, found 2 plugins.
Preloading 0 native plugins for Editor in 0.00 ms.
Initialize engine version: 2020.3.11f1 (99c7afb366b3)
[Subsystems] Discovering subsystems at path /Users/stevo/Unity Lab/2020.3.11f1/Unity.app/Contents/Resources/UnitySubsystems
[Subsystems] Discovering subsystems at path /Users/stevo/git/UNITY/R&D/3D Demo/Assets
GfxDevice: creating device client; threaded=0
2021-06-19 12:47:10.383 Unity[1046:30737] Color LCD preferred device: Intel(R) Iris(TM) Plus Graphics 655 (low power)
2021-06-19 12:47:10.383 Unity[1046:30737] Metal devices available: 1
2021-06-19 12:47:10.383 Unity[1046:30737] 0: Intel(R) Iris(TM) Plus Graphics 655 (low power)
2021-06-19 12:47:10.383 Unity[1046:30737] Using device Intel(R) Iris(TM) Plus Graphics 655 (low power)
Initializing Metal device caps: Intel(R) Iris(TM) Plus Graphics 655
Initialize mono
Mono path[0] = '/Users/stevo/Unity Lab/2020.3.11f1/Unity.app/Contents/Managed'
Mono path[1] = '/Users/stevo/Unity Lab/2020.3.11f1/Unity.app/Contents/MonoBleedingEdge/lib/mono/unityjit'
Mono config path = '/Users/stevo/Unity Lab/2020.3.11f1/Unity.app/Contents/MonoBleedingEdge/etc'
Using monoOptions --debugger-agent=transport=dt_socket,embedding=1,server=y,suspend=n,address=127.0.0.1:56046
Begin MonoManager ReloadAssembly
Registering precompiled unity dll's ...
Register platform support module: /Users/stevo/Unity Lab/2020.3.11f1/Unity.app/Contents/PlaybackEngines/MacStandaloneSupport/UnityEditor.OSXStandalone.Extensions.dll
Registered in 0.000438 seconds.
Native extension for OSXStandalone target not found
Refreshing native plugins compatible for Editor in 30.62 ms, found 2 plugins.
Preloading 0 native plugins for Editor in 0.00 ms.
Mono: successfully reloaded assembly
- Completed reload, in  1.660 seconds
Platform modules already initialized, skipping
Registering precompiled user dll's ...
Registered in 0.001303 seconds.
Begin MonoManager ReloadAssembly
Native extension for OSXStandalone target not found
Refreshing native plugins compatible for Editor in 0.34 ms, found 2 plugins.
Preloading 0 native plugins for Editor in 0.00 ms.
Mono: successfully reloaded assembly
- Completed reload, in  1.104 seconds
Platform modules already initialized, skipping
========================================================================
Worker process is ready to serve import requests
Launching external process: /Users/stevo/Unity Lab/2020.3.11f1/Unity.app/Contents/Tools/UnityShaderCompiler
Launched and connected shader compiler UnityShaderCompiler after 0.01 seconds
Refreshing native plugins compatible for Editor in 0.37 ms, found 2 plugins.
Preloading 0 native plugins for Editor in 0.00 ms.
Unloading 1439 Unused Serialized files (Serialized files now loaded: 0)
System memory in use before: 140.4 MB.
System memory in use after: 140.4 MB.

Unloading 19 unused Assets to reduce memory usage. Loaded Objects now: 1880.
Total: 1.708928 ms (FindLiveObjects: 0.147274 ms CreateObjectMapping: 0.034651 ms MarkObjects: 1.456202 ms  DeleteObjects: 0.070014 ms)

========================================================================
Received Import Request.
  path: Assets/AudioClips/Music/BackgroundMusic.ogg
  artifactKey: Guid(460cbf252686b5f40b1ec18039f70b59) Importer(815301076,1909f56bfc062723c751e8b465ee728b)
Start importing Assets/AudioClips/Music/BackgroundMusic.ogg using Guid(460cbf252686b5f40b1ec18039f70b59) Importer(815301076,1909f56bfc062723c751e8b465ee728b)  -> (artifact id: 'd35508f9e577906b57645ccfabf79be5') in 0.645724 seconds
  Import took 0.648375 seconds .

========================================================================
Received Prepare
Registering precompiled user dll's ...
Registered in 0.001483 seconds.
Begin MonoManager ReloadAssembly
Native extension for OSXStandalone target not found
Refreshing native plugins compatible for Editor in 0.35 ms, found 2 plugins.
Preloading 0 native plugins for Editor in 0.00 ms.
Mono: successfully reloaded assembly
- Completed reload, in  1.017 seconds
Platform modules already initialized, skipping
Refreshing native plugins compatible for Editor in 0.31 ms, found 2 plugins.
Preloading 0 native plugins for Editor in 0.00 ms.
Unloading 1432 Unused Serialized files (Serialized files now loaded: 0)
System memory in use before: 147.9 MB.
System memory in use after: 148.0 MB.

Unloading 14 unused Assets to reduce memory usage. Loaded Objects now: 1892.
Total: 1.622968 ms (FindLiveObjects: 0.146070 ms CreateObjectMapping: 0.045761 ms MarkObjects: 1.377004 ms  DeleteObjects: 0.053248 ms)

