Using pre-set license

 COMMAND LINE ARGUMENTS:
/Users/stevo/Unity Lab/2020.3.11f1/Unity.app/Contents/MacOS/Unity
-adb2
-batchMode
-noUpm
-name
AssetImportWorker0
-projectPath
/Users/stevo/git/UNITY/R&D/BreakoutClone
-logFile
Logs/AssetImportWorker0.log
-srvPort
58869
Successfully changed project path to: /Users/stevo/git/UNITY/R&D/BreakoutClone
/Users/stevo/git/UNITY/R&D/BreakoutClone
Using Asset Import Pipeline V2.
Refreshing native plugins compatible for Editor in 22.98 ms, found 2 plugins.
Preloading 0 native plugins for Editor in 0.00 ms.
Initialize engine version: 2020.3.11f1 (99c7afb366b3)
[Subsystems] Discovering subsystems at path /Users/stevo/Unity Lab/2020.3.11f1/Unity.app/Contents/Resources/UnitySubsystems
[Subsystems] Discovering subsystems at path /Users/stevo/git/UNITY/R&D/BreakoutClone/Assets
GfxDevice: creating device client; threaded=0
2021-06-17 19:53:13.047 Unity[2837:173612] C27F398 preferred device: AMD Radeon RX 580 (high power, removable)
2021-06-17 19:53:13.048 Unity[2837:173612] Metal devices available: 2
2021-06-17 19:53:13.048 Unity[2837:173612] 0: AMD Radeon RX 580 (high power, removable)
2021-06-17 19:53:13.048 Unity[2837:173612] 1: Intel(R) Iris(TM) Plus Graphics 655 (low power)
2021-06-17 19:53:13.048 Unity[2837:173612] Using device AMD Radeon RX 580 (high power, removable)
Initializing Metal device caps: AMD Radeon RX 580
Initialize mono
Mono path[0] = '/Users/stevo/Unity Lab/2020.3.11f1/Unity.app/Contents/Managed'
Mono path[1] = '/Users/stevo/Unity Lab/2020.3.11f1/Unity.app/Contents/MonoBleedingEdge/lib/mono/unityjit'
Mono config path = '/Users/stevo/Unity Lab/2020.3.11f1/Unity.app/Contents/MonoBleedingEdge/etc'
Using monoOptions --debugger-agent=transport=dt_socket,embedding=1,server=y,suspend=n,address=127.0.0.1:56837
Begin MonoManager ReloadAssembly
Registering precompiled unity dll's ...
Register platform support module: /Users/stevo/Unity Lab/2020.3.11f1/Unity.app/Contents/PlaybackEngines/MacStandaloneSupport/UnityEditor.OSXStandalone.Extensions.dll
Registered in 0.000391 seconds.
Native extension for OSXStandalone target not found
Refreshing native plugins compatible for Editor in 23.87 ms, found 2 plugins.
Preloading 0 native plugins for Editor in 0.00 ms.
Mono: successfully reloaded assembly
- Completed reload, in  1.651 seconds
Platform modules already initialized, skipping
Registering precompiled user dll's ...
Registered in 0.001358 seconds.
Begin MonoManager ReloadAssembly
Native extension for OSXStandalone target not found
Refreshing native plugins compatible for Editor in 0.29 ms, found 2 plugins.
Preloading 0 native plugins for Editor in 0.00 ms.
Mono: successfully reloaded assembly
- Completed reload, in  1.094 seconds
Platform modules already initialized, skipping
========================================================================
Worker process is ready to serve import requests
Launching external process: /Users/stevo/Unity Lab/2020.3.11f1/Unity.app/Contents/Tools/UnityShaderCompiler
Launched and connected shader compiler UnityShaderCompiler after 0.01 seconds
Refreshing native plugins compatible for Editor in 0.29 ms, found 2 plugins.
Preloading 0 native plugins for Editor in 0.00 ms.
Unloading 1390 Unused Serialized files (Serialized files now loaded: 0)
System memory in use before: 135.1 MB.
System memory in use after: 135.1 MB.

Unloading 19 unused Assets to reduce memory usage. Loaded Objects now: 1824.
Total: 1.826639 ms (FindLiveObjects: 0.182069 ms CreateObjectMapping: 0.042567 ms MarkObjects: 1.487101 ms  DeleteObjects: 0.113916 ms)

========================================================================
Received Import Request.
  path: Assets/Scripts/GameManager.cs
  artifactKey: Guid(475dc5bdb53e2499eaf74aabee18cf69) Importer(815301076,1909f56bfc062723c751e8b465ee728b)
Start importing Assets/Scripts/GameManager.cs using Guid(475dc5bdb53e2499eaf74aabee18cf69) Importer(815301076,1909f56bfc062723c751e8b465ee728b)  -> (artifact id: 'edd2736d505c90ab41498f95a0b7f58e') in 0.295242 seconds
  Import took 0.297159 seconds .

========================================================================
Received Import Request.
  Time since last request: 748.164820 seconds.
  path: Assets/Scripts/GameManager.cs
  artifactKey: Guid(475dc5bdb53e2499eaf74aabee18cf69) Importer(815301076,1909f56bfc062723c751e8b465ee728b)
Start importing Assets/Scripts/GameManager.cs using Guid(475dc5bdb53e2499eaf74aabee18cf69) Importer(815301076,1909f56bfc062723c751e8b465ee728b)  -> (artifact id: '27f861ae64ff0ec3edf1bef688f3cd33') in 0.003684 seconds
  Import took 0.005782 seconds .

========================================================================
Received Import Request.
  Time since last request: 347.867550 seconds.
  path: Assets/Scripts/GameManager.cs
  artifactKey: Guid(475dc5bdb53e2499eaf74aabee18cf69) Importer(815301076,1909f56bfc062723c751e8b465ee728b)
Start importing Assets/Scripts/GameManager.cs using Guid(475dc5bdb53e2499eaf74aabee18cf69) Importer(815301076,1909f56bfc062723c751e8b465ee728b)  -> (artifact id: '21913d74665c1913bea369980f614420') in 0.004043 seconds
  Import took 0.006324 seconds .

========================================================================
Received Prepare
Registering precompiled user dll's ...
Registered in 0.001841 seconds.
Begin MonoManager ReloadAssembly
Native extension for OSXStandalone target not found
Refreshing native plugins compatible for Editor in 0.31 ms, found 2 plugins.
Preloading 0 native plugins for Editor in 0.00 ms.
Mono: successfully reloaded assembly
- Completed reload, in  1.049 seconds
Platform modules already initialized, skipping
Refreshing native plugins compatible for Editor in 0.30 ms, found 2 plugins.
Preloading 0 native plugins for Editor in 0.00 ms.
Unloading 1385 Unused Serialized files (Serialized files now loaded: 0)
System memory in use before: 139.5 MB.
System memory in use after: 139.6 MB.

Unloading 14 unused Assets to reduce memory usage. Loaded Objects now: 1827.
Total: 2.154076 ms (FindLiveObjects: 0.155403 ms CreateObjectMapping: 0.072615 ms MarkObjects: 1.879593 ms  DeleteObjects: 0.045557 ms)

========================================================================
Received Prepare
Registering precompiled user dll's ...
Registered in 0.002014 seconds.
Begin MonoManager ReloadAssembly
Native extension for OSXStandalone target not found
Refreshing native plugins compatible for Editor in 0.45 ms, found 2 plugins.
Preloading 0 native plugins for Editor in 0.00 ms.
Mono: successfully reloaded assembly
- Completed reload, in  1.083 seconds
Platform modules already initialized, skipping
Refreshing native plugins compatible for Editor in 0.27 ms, found 2 plugins.
Preloading 0 native plugins for Editor in 0.00 ms.
Unloading 1385 Unused Serialized files (Serialized files now loaded: 0)
System memory in use before: 139.7 MB.
System memory in use after: 139.8 MB.

Unloading 14 unused Assets to reduce memory usage. Loaded Objects now: 1830.
Total: 1.595003 ms (FindLiveObjects: 0.134392 ms CreateObjectMapping: 0.036624 ms MarkObjects: 1.383187 ms  DeleteObjects: 0.040079 ms)

========================================================================
Received Prepare
Registering precompiled user dll's ...
Registered in 0.001253 seconds.
Begin MonoManager ReloadAssembly
Native extension for OSXStandalone target not found
Refreshing native plugins compatible for Editor in 0.31 ms, found 2 plugins.
Preloading 0 native plugins for Editor in 0.00 ms.
Mono: successfully reloaded assembly
- Completed reload, in  1.066 seconds
Platform modules already initialized, skipping
Refreshing native plugins compatible for Editor in 0.25 ms, found 2 plugins.
Preloading 0 native plugins for Editor in 0.00 ms.
Unloading 1385 Unused Serialized files (Serialized files now loaded: 0)
System memory in use before: 139.9 MB.
System memory in use after: 140.0 MB.

Unloading 14 unused Assets to reduce memory usage. Loaded Objects now: 1833.
Total: 1.643009 ms (FindLiveObjects: 0.155474 ms CreateObjectMapping: 0.038302 ms MarkObjects: 1.408424 ms  DeleteObjects: 0.039944 ms)

========================================================================
Received Import Request.
  Time since last request: 169.411030 seconds.
  path: Assets/Scripts/GameManager.cs
  artifactKey: Guid(475dc5bdb53e2499eaf74aabee18cf69) Importer(815301076,1909f56bfc062723c751e8b465ee728b)
Start importing Assets/Scripts/GameManager.cs using Guid(475dc5bdb53e2499eaf74aabee18cf69) Importer(815301076,1909f56bfc062723c751e8b465ee728b)  -> (artifact id: '31b3e71ea965cacc9275d5a2958c0905') in 0.005402 seconds
  Import took 0.007161 seconds .

========================================================================
Received Import Request.
  Time since last request: 1.712027 seconds.
  path: Assets/Scripts/GameManager.cs
  artifactKey: Guid(475dc5bdb53e2499eaf74aabee18cf69) Importer(815301076,1909f56bfc062723c751e8b465ee728b)
Start importing Assets/Scripts/GameManager.cs using Guid(475dc5bdb53e2499eaf74aabee18cf69) Importer(815301076,1909f56bfc062723c751e8b465ee728b)  -> (artifact id: '31b3e71ea965cacc9275d5a2958c0905') in 0.002957 seconds
  Import took 0.004961 seconds .

========================================================================
Received Prepare
Registering precompiled user dll's ...
Registered in 0.001779 seconds.
Begin MonoManager ReloadAssembly
Native extension for OSXStandalone target not found
Refreshing native plugins compatible for Editor in 0.32 ms, found 2 plugins.
Preloading 0 native plugins for Editor in 0.00 ms.
Mono: successfully reloaded assembly
- Completed reload, in  1.120 seconds
Platform modules already initialized, skipping
Refreshing native plugins compatible for Editor in 0.24 ms, found 2 plugins.
Preloading 0 native plugins for Editor in 0.00 ms.
Unloading 1385 Unused Serialized files (Serialized files now loaded: 0)
System memory in use before: 140.1 MB.
System memory in use after: 140.2 MB.

Unloading 14 unused Assets to reduce memory usage. Loaded Objects now: 1836.
Total: 1.593028 ms (FindLiveObjects: 0.133987 ms CreateObjectMapping: 0.044524 ms MarkObjects: 1.375032 ms  DeleteObjects: 0.038686 ms)

========================================================================
Received Import Request.
  Time since last request: 45.434588 seconds.
  path: Assets/Scripts/GameManager.cs
  artifactKey: Guid(475dc5bdb53e2499eaf74aabee18cf69) Importer(815301076,1909f56bfc062723c751e8b465ee728b)
Start importing Assets/Scripts/GameManager.cs using Guid(475dc5bdb53e2499eaf74aabee18cf69) Importer(815301076,1909f56bfc062723c751e8b465ee728b)  -> (artifact id: 'fcb205610b60f63dc7a116d73cbad382') in 0.006055 seconds
  Import took 0.007873 seconds .

========================================================================
Received Prepare
Registering precompiled user dll's ...
Registered in 0.001287 seconds.
Begin MonoManager ReloadAssembly
Native extension for OSXStandalone target not found
Refreshing native plugins compatible for Editor in 0.38 ms, found 2 plugins.
Preloading 0 native plugins for Editor in 0.00 ms.
Mono: successfully reloaded assembly
- Completed reload, in  1.047 seconds
Platform modules already initialized, skipping
Refreshing native plugins compatible for Editor in 0.26 ms, found 2 plugins.
Preloading 0 native plugins for Editor in 0.00 ms.
Unloading 1385 Unused Serialized files (Serialized files now loaded: 0)
System memory in use before: 140.3 MB.
System memory in use after: 140.4 MB.

Unloading 14 unused Assets to reduce memory usage. Loaded Objects now: 1839.
Total: 1.671181 ms (FindLiveObjects: 0.139454 ms CreateObjectMapping: 0.040891 ms MarkObjects: 1.448738 ms  DeleteObjects: 0.041379 ms)

========================================================================
Received Prepare
Registering precompiled user dll's ...
Registered in 0.001355 seconds.
Begin MonoManager ReloadAssembly
Native extension for OSXStandalone target not found
Refreshing native plugins compatible for Editor in 0.32 ms, found 2 plugins.
Preloading 0 native plugins for Editor in 0.00 ms.
Mono: successfully reloaded assembly
- Completed reload, in  1.123 seconds
Platform modules already initialized, skipping
Refreshing native plugins compatible for Editor in 0.29 ms, found 2 plugins.
Preloading 0 native plugins for Editor in 0.00 ms.
Unloading 1385 Unused Serialized files (Serialized files now loaded: 0)
System memory in use before: 140.4 MB.
System memory in use after: 140.5 MB.

Unloading 14 unused Assets to reduce memory usage. Loaded Objects now: 1842.
Total: 2.490732 ms (FindLiveObjects: 0.172701 ms CreateObjectMapping: 0.090291 ms MarkObjects: 2.177402 ms  DeleteObjects: 0.049234 ms)

========================================================================
Received Prepare
Registering precompiled user dll's ...
Registered in 0.001339 seconds.
Begin MonoManager ReloadAssembly
Native extension for OSXStandalone target not found
Refreshing native plugins compatible for Editor in 0.32 ms, found 2 plugins.
Preloading 0 native plugins for Editor in 0.00 ms.
Mono: successfully reloaded assembly
- Completed reload, in  1.041 seconds
Platform modules already initialized, skipping
Refreshing native plugins compatible for Editor in 0.26 ms, found 2 plugins.
Preloading 0 native plugins for Editor in 0.00 ms.
Unloading 1385 Unused Serialized files (Serialized files now loaded: 0)
System memory in use before: 140.6 MB.
System memory in use after: 140.7 MB.

Unloading 14 unused Assets to reduce memory usage. Loaded Objects now: 1845.
Total: 1.637633 ms (FindLiveObjects: 0.163082 ms CreateObjectMapping: 0.040160 ms MarkObjects: 1.393110 ms  DeleteObjects: 0.040543 ms)

========================================================================
Received Import Request.
  Time since last request: 944.523113 seconds.
  path: Assets/Scripts/Brick.cs
  artifactKey: Guid(048a63c54e9344341be62a2ed304dae7) Importer(815301076,1909f56bfc062723c751e8b465ee728b)
Start importing Assets/Scripts/Brick.cs using Guid(048a63c54e9344341be62a2ed304dae7) Importer(815301076,1909f56bfc062723c751e8b465ee728b)  -> (artifact id: '6711f6517b020197084a46425266010a') in 0.007683 seconds
  Import took 0.010219 seconds .

========================================================================
Received Prepare
Registering precompiled user dll's ...
Registered in 0.001216 seconds.
Begin MonoManager ReloadAssembly
Native extension for OSXStandalone target not found
Refreshing native plugins compatible for Editor in 0.30 ms, found 2 plugins.
Preloading 0 native plugins for Editor in 0.00 ms.
Mono: successfully reloaded assembly
- Completed reload, in  1.052 seconds
Platform modules already initialized, skipping
Refreshing native plugins compatible for Editor in 0.25 ms, found 2 plugins.
Preloading 0 native plugins for Editor in 0.00 ms.
Unloading 1385 Unused Serialized files (Serialized files now loaded: 0)
System memory in use before: 140.8 MB.
System memory in use after: 140.8 MB.

Unloading 14 unused Assets to reduce memory usage. Loaded Objects now: 1848.
Total: 1.642052 ms (FindLiveObjects: 0.141038 ms CreateObjectMapping: 0.042605 ms MarkObjects: 1.414925 ms  DeleteObjects: 0.042532 ms)

========================================================================
Received Prepare
Registering precompiled user dll's ...
Registered in 0.001329 seconds.
Begin MonoManager ReloadAssembly
Native extension for OSXStandalone target not found
Refreshing native plugins compatible for Editor in 0.31 ms, found 2 plugins.
Preloading 0 native plugins for Editor in 0.00 ms.
Mono: successfully reloaded assembly
- Completed reload, in  1.033 seconds
Platform modules already initialized, skipping
Refreshing native plugins compatible for Editor in 0.26 ms, found 2 plugins.
Preloading 0 native plugins for Editor in 0.00 ms.
Unloading 1385 Unused Serialized files (Serialized files now loaded: 0)
System memory in use before: 141.0 MB.
System memory in use after: 141.1 MB.

Unloading 14 unused Assets to reduce memory usage. Loaded Objects now: 1851.
Total: 1.756168 ms (FindLiveObjects: 0.125901 ms CreateObjectMapping: 0.036797 ms MarkObjects: 1.552638 ms  DeleteObjects: 0.039678 ms)

========================================================================
Received Import Request.
  Time since last request: 233.917302 seconds.
  path: Assets/Prefabs/Level1.prefab
  artifactKey: Guid(65ccf185ff83d48d1aa2e44d294bf560) Importer(815301076,1909f56bfc062723c751e8b465ee728b)
Start importing Assets/Prefabs/Level1.prefab using Guid(65ccf185ff83d48d1aa2e44d294bf560) Importer(815301076,1909f56bfc062723c751e8b465ee728b)  -> (artifact id: '3e11c00dfc988b94c11fa653d77edd39') in 0.425597 seconds
  Import took 0.430145 seconds .

========================================================================
Received Prepare
Registering precompiled user dll's ...
Registered in 0.001859 seconds.
Begin MonoManager ReloadAssembly
Native extension for OSXStandalone target not found
Refreshing native plugins compatible for Editor in 0.33 ms, found 2 plugins.
Preloading 0 native plugins for Editor in 0.00 ms.
Mono: successfully reloaded assembly
- Completed reload, in  1.091 seconds
Platform modules already initialized, skipping
Refreshing native plugins compatible for Editor in 0.26 ms, found 2 plugins.
Preloading 0 native plugins for Editor in 0.00 ms.
Unloading 1385 Unused Serialized files (Serialized files now loaded: 0)
System memory in use before: 149.1 MB.
System memory in use after: 149.2 MB.

Unloading 14 unused Assets to reduce memory usage. Loaded Objects now: 1862.
Total: 2.312854 ms (FindLiveObjects: 0.157253 ms CreateObjectMapping: 0.042670 ms MarkObjects: 2.064429 ms  DeleteObjects: 0.046996 ms)

========================================================================
Received Import Request.
  Time since last request: 191.757358 seconds.
  path: Assets/Prefabs/Level1 1.prefab
  artifactKey: Guid(ff69bc95a04694749ba7fe56c2d67562) Importer(815301076,1909f56bfc062723c751e8b465ee728b)
Start importing Assets/Prefabs/Level1 1.prefab using Guid(ff69bc95a04694749ba7fe56c2d67562) Importer(815301076,1909f56bfc062723c751e8b465ee728b)  -> (artifact id: '190e4be4ebb5cdad31d53433470008ab') in 0.081115 seconds
  Import took 0.085903 seconds .

========================================================================
Received Import Request.
  Time since last request: 8.619383 seconds.
  path: Assets/Prefabs/Level2.prefab
  artifactKey: Guid(ff69bc95a04694749ba7fe56c2d67562) Importer(815301076,1909f56bfc062723c751e8b465ee728b)
Start importing Assets/Prefabs/Level2.prefab using Guid(ff69bc95a04694749ba7fe56c2d67562) Importer(815301076,1909f56bfc062723c751e8b465ee728b)  -> (artifact id: '856d51538e5480cef74d4c65eef6cf4c') in 0.023742 seconds
  Import took 0.028850 seconds .

========================================================================
Received Import Request.
  Time since last request: 58.414279 seconds.
  path: Assets/Prefabs/Brick1.prefab
  artifactKey: Guid(3db0a77408d774a07a67ba7bdba05afd) Importer(815301076,1909f56bfc062723c751e8b465ee728b)
Start importing Assets/Prefabs/Brick1.prefab using Guid(3db0a77408d774a07a67ba7bdba05afd) Importer(815301076,1909f56bfc062723c751e8b465ee728b)  -> (artifact id: '9ba80c9cbcf6c75cdfa9b10120bb5248') in 0.006832 seconds
  Import took 0.009115 seconds .

========================================================================
Received Import Request.
  Time since last request: 14.713386 seconds.
  path: Assets/Prefabs/Brick1 1.prefab
  artifactKey: Guid(4d3e4e841b4c0429aaf6402f581b1483) Importer(815301076,1909f56bfc062723c751e8b465ee728b)
Start importing Assets/Prefabs/Brick1 1.prefab using Guid(4d3e4e841b4c0429aaf6402f581b1483) Importer(815301076,1909f56bfc062723c751e8b465ee728b)  -> (artifact id: '2173623258a6683016e7744eef0e32f9') in 0.007472 seconds
  Import took 0.010148 seconds .

========================================================================
Received Import Request.
  Time since last request: 3.063048 seconds.
  path: Assets/Prefabs/Brick2.prefab
  artifactKey: Guid(4d3e4e841b4c0429aaf6402f581b1483) Importer(815301076,1909f56bfc062723c751e8b465ee728b)
Start importing Assets/Prefabs/Brick2.prefab using Guid(4d3e4e841b4c0429aaf6402f581b1483) Importer(815301076,1909f56bfc062723c751e8b465ee728b)  -> (artifact id: '56bf759a35046f8f88d5daf077e2e95e') in 0.006367 seconds
  Import took 0.008868 seconds .

========================================================================
Received Import Request.
  Time since last request: 93.128421 seconds.
  path: Assets/Prefabs/Brick2.prefab
  artifactKey: Guid(4d3e4e841b4c0429aaf6402f581b1483) Importer(815301076,1909f56bfc062723c751e8b465ee728b)
Start importing Assets/Prefabs/Brick2.prefab using Guid(4d3e4e841b4c0429aaf6402f581b1483) Importer(815301076,1909f56bfc062723c751e8b465ee728b)  -> (artifact id: 'c6149588058821145f0256d49b72022d') in 0.006363 seconds
  Import took 0.008745 seconds .

========================================================================
Received Import Request.
  Time since last request: 14.318267 seconds.
  path: Assets/Prefabs/Brick2.prefab
  artifactKey: Guid(4d3e4e841b4c0429aaf6402f581b1483) Importer(815301076,1909f56bfc062723c751e8b465ee728b)
Start importing Assets/Prefabs/Brick2.prefab using Guid(4d3e4e841b4c0429aaf6402f581b1483) Importer(815301076,1909f56bfc062723c751e8b465ee728b)  -> (artifact id: '79cba5c45f8b223dd7d8bdba23571c69') in 0.007215 seconds
  Import took 0.010339 seconds .

========================================================================
Received Import Request.
  Time since last request: 3.657794 seconds.
  path: Assets/Prefabs/Level1.prefab
  artifactKey: Guid(65ccf185ff83d48d1aa2e44d294bf560) Importer(815301076,1909f56bfc062723c751e8b465ee728b)
Start importing Assets/Prefabs/Level1.prefab using Guid(65ccf185ff83d48d1aa2e44d294bf560) Importer(815301076,1909f56bfc062723c751e8b465ee728b)  -> (artifact id: '6f251fda06b4d10de508706d4b551b86') in 0.023085 seconds
  Import took 0.027434 seconds .

========================================================================
Received Import Request.
  Time since last request: 0.001472 seconds.
  path: Assets/Prefabs/Level1.prefab
  artifactKey: Guid(65ccf185ff83d48d1aa2e44d294bf560) Importer(815301076,1909f56bfc062723c751e8b465ee728b)
Start importing Assets/Prefabs/Level1.prefab using Guid(65ccf185ff83d48d1aa2e44d294bf560) Importer(815301076,1909f56bfc062723c751e8b465ee728b)  -> (artifact id: '6f251fda06b4d10de508706d4b551b86') in 0.024384 seconds
  Import took 0.028304 seconds .

========================================================================
Received Import Request.
  Time since last request: 19.963104 seconds.
  path: Assets/Prefabs/Brick1.prefab
  artifactKey: Guid(3db0a77408d774a07a67ba7bdba05afd) Importer(815301076,1909f56bfc062723c751e8b465ee728b)
Start importing Assets/Prefabs/Brick1.prefab using Guid(3db0a77408d774a07a67ba7bdba05afd) Importer(815301076,1909f56bfc062723c751e8b465ee728b)  -> (artifact id: 'f276eb4696e17b637145ca8a1c777187') in 0.006035 seconds
  Import took 0.008373 seconds .

========================================================================
Received Import Request.
  Time since last request: 1.180659 seconds.
  path: Assets/Prefabs/Level1.prefab
  artifactKey: Guid(65ccf185ff83d48d1aa2e44d294bf560) Importer(815301076,1909f56bfc062723c751e8b465ee728b)
Start importing Assets/Prefabs/Level1.prefab using Guid(65ccf185ff83d48d1aa2e44d294bf560) Importer(815301076,1909f56bfc062723c751e8b465ee728b)  -> (artifact id: '0553311700a5ccfb3c78a06276a30109') in 0.024720 seconds
  Import took 0.029622 seconds .

========================================================================
Received Import Request.
  Time since last request: 0.002852 seconds.
  path: Assets/Prefabs/Level1.prefab
  artifactKey: Guid(65ccf185ff83d48d1aa2e44d294bf560) Importer(815301076,1909f56bfc062723c751e8b465ee728b)
Start importing Assets/Prefabs/Level1.prefab using Guid(65ccf185ff83d48d1aa2e44d294bf560) Importer(815301076,1909f56bfc062723c751e8b465ee728b)  -> (artifact id: '0553311700a5ccfb3c78a06276a30109') in 0.024477 seconds
  Import took 0.028901 seconds .

========================================================================
Received Import Request.
  Time since last request: 0.497767 seconds.
  path: Assets/Prefabs/Level2.prefab
  artifactKey: Guid(ff69bc95a04694749ba7fe56c2d67562) Importer(815301076,1909f56bfc062723c751e8b465ee728b)
Start importing Assets/Prefabs/Level2.prefab using Guid(ff69bc95a04694749ba7fe56c2d67562) Importer(815301076,1909f56bfc062723c751e8b465ee728b)  -> (artifact id: '7f90b5985c1ea205367e4f653d28a2af') in 0.023565 seconds
  Import took 0.027225 seconds .

========================================================================
Received Prepare
Registering precompiled user dll's ...
Registered in 0.002546 seconds.
Begin MonoManager ReloadAssembly
Native extension for OSXStandalone target not found
Refreshing native plugins compatible for Editor in 0.34 ms, found 2 plugins.
Preloading 0 native plugins for Editor in 0.00 ms.
Mono: successfully reloaded assembly
- Completed reload, in  1.107 seconds
Platform modules already initialized, skipping
Refreshing native plugins compatible for Editor in 0.27 ms, found 2 plugins.
Preloading 0 native plugins for Editor in 0.00 ms.
Unloading 1385 Unused Serialized files (Serialized files now loaded: 0)
System memory in use before: 150.5 MB.
System memory in use after: 150.6 MB.

Unloading 14 unused Assets to reduce memory usage. Loaded Objects now: 1866.
Total: 1.763216 ms (FindLiveObjects: 0.137408 ms CreateObjectMapping: 0.037897 ms MarkObjects: 1.539565 ms  DeleteObjects: 0.047543 ms)

========================================================================
Received Prepare
Registering precompiled user dll's ...
Registered in 0.001261 seconds.
Begin MonoManager ReloadAssembly
Native extension for OSXStandalone target not found
Refreshing native plugins compatible for Editor in 0.32 ms, found 2 plugins.
Preloading 0 native plugins for Editor in 0.00 ms.
Mono: successfully reloaded assembly
- Completed reload, in  1.065 seconds
Platform modules already initialized, skipping
Refreshing native plugins compatible for Editor in 0.25 ms, found 2 plugins.
Preloading 0 native plugins for Editor in 0.00 ms.
Unloading 1385 Unused Serialized files (Serialized files now loaded: 0)
System memory in use before: 150.7 MB.
System memory in use after: 150.8 MB.

Unloading 14 unused Assets to reduce memory usage. Loaded Objects now: 1869.
Total: 1.803027 ms (FindLiveObjects: 0.141936 ms CreateObjectMapping: 0.039020 ms MarkObjects: 1.580052 ms  DeleteObjects: 0.041304 ms)

========================================================================
Received Prepare
Registering precompiled user dll's ...
Registered in 0.001223 seconds.
Begin MonoManager ReloadAssembly
Native extension for OSXStandalone target not found
Refreshing native plugins compatible for Editor in 0.40 ms, found 2 plugins.
Preloading 0 native plugins for Editor in 0.00 ms.
Mono: successfully reloaded assembly
- Completed reload, in  1.070 seconds
Platform modules already initialized, skipping
Refreshing native plugins compatible for Editor in 0.34 ms, found 2 plugins.
Preloading 0 native plugins for Editor in 0.00 ms.
Unloading 1385 Unused Serialized files (Serialized files now loaded: 0)
System memory in use before: 150.9 MB.
System memory in use after: 151.0 MB.

Unloading 14 unused Assets to reduce memory usage. Loaded Objects now: 1872.
Total: 1.997943 ms (FindLiveObjects: 0.138229 ms CreateObjectMapping: 0.038282 ms MarkObjects: 1.774643 ms  DeleteObjects: 0.045501 ms)

========================================================================
Received Prepare
Registering precompiled user dll's ...
Registered in 0.001576 seconds.
Begin MonoManager ReloadAssembly
Native extension for OSXStandalone target not found
Refreshing native plugins compatible for Editor in 0.34 ms, found 2 plugins.
Preloading 0 native plugins for Editor in 0.00 ms.
Mono: successfully reloaded assembly
- Completed reload, in  1.114 seconds
Platform modules already initialized, skipping
Refreshing native plugins compatible for Editor in 0.26 ms, found 2 plugins.
Preloading 0 native plugins for Editor in 0.00 ms.
Unloading 1385 Unused Serialized files (Serialized files now loaded: 0)
System memory in use before: 151.0 MB.
System memory in use after: 151.1 MB.

Unloading 14 unused Assets to reduce memory usage. Loaded Objects now: 1875.
Total: 1.859031 ms (FindLiveObjects: 0.149771 ms CreateObjectMapping: 0.041976 ms MarkObjects: 1.619633 ms  DeleteObjects: 0.046875 ms)

========================================================================
Received Prepare
Registering precompiled user dll's ...
Registered in 0.001330 seconds.
Begin MonoManager ReloadAssembly
Native extension for OSXStandalone target not found
Refreshing native plugins compatible for Editor in 0.33 ms, found 2 plugins.
Preloading 0 native plugins for Editor in 0.00 ms.
Mono: successfully reloaded assembly
- Completed reload, in  1.069 seconds
Platform modules already initialized, skipping
Refreshing native plugins compatible for Editor in 0.28 ms, found 2 plugins.
Preloading 0 native plugins for Editor in 0.00 ms.
Unloading 1385 Unused Serialized files (Serialized files now loaded: 0)
System memory in use before: 151.2 MB.
System memory in use after: 151.3 MB.

Unloading 14 unused Assets to reduce memory usage. Loaded Objects now: 1878.
Total: 1.745717 ms (FindLiveObjects: 0.175840 ms CreateObjectMapping: 0.090539 ms MarkObjects: 1.434235 ms  DeleteObjects: 0.044387 ms)

========================================================================
Received Prepare
Registering precompiled user dll's ...
Registered in 0.001297 seconds.
Begin MonoManager ReloadAssembly
Native extension for OSXStandalone target not found
Refreshing native plugins compatible for Editor in 0.33 ms, found 2 plugins.
Preloading 0 native plugins for Editor in 0.00 ms.
Mono: successfully reloaded assembly
- Completed reload, in  1.117 seconds
Platform modules already initialized, skipping
Refreshing native plugins compatible for Editor in 0.26 ms, found 2 plugins.
Preloading 0 native plugins for Editor in 0.00 ms.
Unloading 1385 Unused Serialized files (Serialized files now loaded: 0)
System memory in use before: 151.4 MB.
System memory in use after: 151.5 MB.

Unloading 14 unused Assets to reduce memory usage. Loaded Objects now: 1881.
Total: 1.706769 ms (FindLiveObjects: 0.146747 ms CreateObjectMapping: 0.041400 ms MarkObjects: 1.472410 ms  DeleteObjects: 0.045483 ms)

========================================================================
Received Prepare
Registering precompiled user dll's ...
Registered in 0.001264 seconds.
Begin MonoManager ReloadAssembly
Native extension for OSXStandalone target not found
Refreshing native plugins compatible for Editor in 0.32 ms, found 2 plugins.
Preloading 0 native plugins for Editor in 0.00 ms.
Mono: successfully reloaded assembly
- Completed reload, in  1.022 seconds
Platform modules already initialized, skipping
Refreshing native plugins compatible for Editor in 0.25 ms, found 2 plugins.
Preloading 0 native plugins for Editor in 0.00 ms.
Unloading 1385 Unused Serialized files (Serialized files now loaded: 0)
System memory in use before: 151.6 MB.
System memory in use after: 151.7 MB.

Unloading 14 unused Assets to reduce memory usage. Loaded Objects now: 1884.
Total: 1.596554 ms (FindLiveObjects: 0.127664 ms CreateObjectMapping: 0.040573 ms MarkObjects: 1.386358 ms  DeleteObjects: 0.041180 ms)

========================================================================
Received Prepare
Registering precompiled user dll's ...
Registered in 0.001280 seconds.
Begin MonoManager ReloadAssembly
Native extension for OSXStandalone target not found
Refreshing native plugins compatible for Editor in 0.27 ms, found 2 plugins.
Preloading 0 native plugins for Editor in 0.00 ms.
Mono: successfully reloaded assembly
- Completed reload, in  0.937 seconds
Platform modules already initialized, skipping
Refreshing native plugins compatible for Editor in 0.27 ms, found 2 plugins.
Preloading 0 native plugins for Editor in 0.00 ms.
Unloading 1385 Unused Serialized files (Serialized files now loaded: 0)
System memory in use before: 151.7 MB.
System memory in use after: 151.8 MB.

Unloading 14 unused Assets to reduce memory usage. Loaded Objects now: 1887.
Total: 1.629463 ms (FindLiveObjects: 0.154031 ms CreateObjectMapping: 0.040882 ms MarkObjects: 1.391226 ms  DeleteObjects: 0.042387 ms)

========================================================================
Received Prepare
Registering precompiled user dll's ...
Registered in 0.001320 seconds.
Begin MonoManager ReloadAssembly
Native extension for OSXStandalone target not found
Refreshing native plugins compatible for Editor in 0.28 ms, found 2 plugins.
Preloading 0 native plugins for Editor in 0.00 ms.
Mono: successfully reloaded assembly
- Completed reload, in  0.965 seconds
Platform modules already initialized, skipping
Refreshing native plugins compatible for Editor in 0.30 ms, found 2 plugins.
Preloading 0 native plugins for Editor in 0.00 ms.
Unloading 1385 Unused Serialized files (Serialized files now loaded: 0)
System memory in use before: 151.9 MB.
System memory in use after: 152.0 MB.

Unloading 14 unused Assets to reduce memory usage. Loaded Objects now: 1890.
Total: 1.896087 ms (FindLiveObjects: 0.163323 ms CreateObjectMapping: 0.045238 ms MarkObjects: 1.633512 ms  DeleteObjects: 0.053040 ms)

========================================================================
Received Prepare
Registering precompiled user dll's ...
Registered in 0.001647 seconds.
Begin MonoManager ReloadAssembly
Native extension for OSXStandalone target not found
Refreshing native plugins compatible for Editor in 0.36 ms, found 2 plugins.
Preloading 0 native plugins for Editor in 0.00 ms.
Mono: successfully reloaded assembly
- Completed reload, in  1.050 seconds
Platform modules already initialized, skipping
Refreshing native plugins compatible for Editor in 0.28 ms, found 2 plugins.
Preloading 0 native plugins for Editor in 0.00 ms.
Unloading 1385 Unused Serialized files (Serialized files now loaded: 0)
System memory in use before: 152.1 MB.
System memory in use after: 152.2 MB.

Unloading 14 unused Assets to reduce memory usage. Loaded Objects now: 1893.
Total: 1.713085 ms (FindLiveObjects: 0.161862 ms CreateObjectMapping: 0.046694 ms MarkObjects: 1.462462 ms  DeleteObjects: 0.041202 ms)

========================================================================
Received Prepare
Registering precompiled user dll's ...
Registered in 0.001495 seconds.
Begin MonoManager ReloadAssembly
Native extension for OSXStandalone target not found
Refreshing native plugins compatible for Editor in 0.27 ms, found 2 plugins.
Preloading 0 native plugins for Editor in 0.00 ms.
Mono: successfully reloaded assembly
- Completed reload, in  0.946 seconds
Platform modules already initialized, skipping
Refreshing native plugins compatible for Editor in 0.27 ms, found 2 plugins.
Preloading 0 native plugins for Editor in 0.00 ms.
Unloading 1385 Unused Serialized files (Serialized files now loaded: 0)
System memory in use before: 152.3 MB.
System memory in use after: 152.4 MB.

Unloading 14 unused Assets to reduce memory usage. Loaded Objects now: 1896.
Total: 2.277122 ms (FindLiveObjects: 0.381941 ms CreateObjectMapping: 0.118561 ms MarkObjects: 1.726400 ms  DeleteObjects: 0.049300 ms)

========================================================================
Received Prepare
Registering precompiled user dll's ...
Registered in 0.001653 seconds.
Begin MonoManager ReloadAssembly
Native extension for OSXStandalone target not found
Refreshing native plugins compatible for Editor in 0.32 ms, found 2 plugins.
Preloading 0 native plugins for Editor in 0.00 ms.
Mono: successfully reloaded assembly
- Completed reload, in  1.071 seconds
Platform modules already initialized, skipping
Refreshing native plugins compatible for Editor in 0.26 ms, found 2 plugins.
Preloading 0 native plugins for Editor in 0.00 ms.
Unloading 1385 Unused Serialized files (Serialized files now loaded: 0)
System memory in use before: 152.4 MB.
System memory in use after: 152.5 MB.

Unloading 14 unused Assets to reduce memory usage. Loaded Objects now: 1899.
Total: 2.042303 ms (FindLiveObjects: 0.252575 ms CreateObjectMapping: 0.039622 ms MarkObjects: 1.707513 ms  DeleteObjects: 0.042012 ms)

========================================================================
Received Prepare
Registering precompiled user dll's ...
Registered in 0.001315 seconds.
Begin MonoManager ReloadAssembly
Native extension for OSXStandalone target not found
Refreshing native plugins compatible for Editor in 0.29 ms, found 2 plugins.
Preloading 0 native plugins for Editor in 0.00 ms.
Mono: successfully reloaded assembly
- Completed reload, in  0.928 seconds
Platform modules already initialized, skipping
Refreshing native plugins compatible for Editor in 0.29 ms, found 2 plugins.
Preloading 0 native plugins for Editor in 0.00 ms.
Unloading 1385 Unused Serialized files (Serialized files now loaded: 0)
System memory in use before: 152.7 MB.
System memory in use after: 152.7 MB.

Unloading 14 unused Assets to reduce memory usage. Loaded Objects now: 1902.
Total: 1.628591 ms (FindLiveObjects: 0.147473 ms CreateObjectMapping: 0.042530 ms MarkObjects: 1.395639 ms  DeleteObjects: 0.042096 ms)

AssetImportWorkerClient::OnTransportError - code=2 error=End of file
