Using pre-set license

 COMMAND LINE ARGUMENTS:
/Users/stevo/Unity Lab/2020.3.11f1/Unity.app/Contents/MacOS/Unity
-adb2
-batchMode
-noUpm
-name
AssetImportWorker0
-projectPath
/Users/stevo/git/UNITY/R&D/BreakoutClone
-logFile
Logs/AssetImportWorker0.log
-srvPort
49444
Successfully changed project path to: /Users/stevo/git/UNITY/R&D/BreakoutClone
/Users/stevo/git/UNITY/R&D/BreakoutClone
Using Asset Import Pipeline V2.
Refreshing native plugins compatible for Editor in 24.98 ms, found 2 plugins.
Preloading 0 native plugins for Editor in 0.00 ms.
Initialize engine version: 2020.3.11f1 (99c7afb366b3)
[Subsystems] Discovering subsystems at path /Users/stevo/Unity Lab/2020.3.11f1/Unity.app/Contents/Resources/UnitySubsystems
[Subsystems] Discovering subsystems at path /Users/stevo/git/UNITY/R&D/BreakoutClone/Assets
GfxDevice: creating device client; threaded=0
2021-06-18 13:01:30.489 Unity[1284:51926] C27F398 preferred device: AMD Radeon RX 580 (high power, removable)
2021-06-18 13:01:30.489 Unity[1284:51926] Metal devices available: 2
2021-06-18 13:01:30.489 Unity[1284:51926] 0: AMD Radeon RX 580 (high power, removable)
2021-06-18 13:01:30.489 Unity[1284:51926] 1: Intel(R) Iris(TM) Plus Graphics 655 (low power)
2021-06-18 13:01:30.489 Unity[1284:51926] Using device AMD Radeon RX 580 (high power, removable)
Initializing Metal device caps: AMD Radeon RX 580
Initialize mono
Mono path[0] = '/Users/stevo/Unity Lab/2020.3.11f1/Unity.app/Contents/Managed'
Mono path[1] = '/Users/stevo/Unity Lab/2020.3.11f1/Unity.app/Contents/MonoBleedingEdge/lib/mono/unityjit'
Mono config path = '/Users/stevo/Unity Lab/2020.3.11f1/Unity.app/Contents/MonoBleedingEdge/etc'
Using monoOptions --debugger-agent=transport=dt_socket,embedding=1,server=y,suspend=n,address=127.0.0.1:56284
Begin MonoManager ReloadAssembly
Registering precompiled unity dll's ...
Register platform support module: /Users/stevo/Unity Lab/2020.3.11f1/Unity.app/Contents/PlaybackEngines/MacStandaloneSupport/UnityEditor.OSXStandalone.Extensions.dll
Registered in 0.000541 seconds.
Native extension for OSXStandalone target not found
Refreshing native plugins compatible for Editor in 25.11 ms, found 2 plugins.
Preloading 0 native plugins for Editor in 0.00 ms.
Mono: successfully reloaded assembly
- Completed reload, in  1.658 seconds
Platform modules already initialized, skipping
Registering precompiled user dll's ...
Registered in 0.001346 seconds.
Begin MonoManager ReloadAssembly
Native extension for OSXStandalone target not found
Refreshing native plugins compatible for Editor in 0.31 ms, found 2 plugins.
Preloading 0 native plugins for Editor in 0.00 ms.
Mono: successfully reloaded assembly
- Completed reload, in  1.127 seconds
Platform modules already initialized, skipping
========================================================================
Worker process is ready to serve import requests
Launching external process: /Users/stevo/Unity Lab/2020.3.11f1/Unity.app/Contents/Tools/UnityShaderCompiler
Launched and connected shader compiler UnityShaderCompiler after 0.01 seconds
Refreshing native plugins compatible for Editor in 0.31 ms, found 2 plugins.
Preloading 0 native plugins for Editor in 0.00 ms.
Unloading 1390 Unused Serialized files (Serialized files now loaded: 0)
System memory in use before: 135.3 MB.
System memory in use after: 135.3 MB.

Unloading 19 unused Assets to reduce memory usage. Loaded Objects now: 1824.
Total: 1.847259 ms (FindLiveObjects: 0.141519 ms CreateObjectMapping: 0.032659 ms MarkObjects: 1.588861 ms  DeleteObjects: 0.083386 ms)

========================================================================
Received Import Request.
  path: Assets/Prefabs/Brick2.prefab
  artifactKey: Guid(4d3e4e841b4c0429aaf6402f581b1483) Importer(815301076,1909f56bfc062723c751e8b465ee728b)
Start importing Assets/Prefabs/Brick2.prefab using Guid(4d3e4e841b4c0429aaf6402f581b1483) Importer(815301076,1909f56bfc062723c751e8b465ee728b)  -> (artifact id: '7be669c851bbbc384a95cee3b5f65fa5') in 0.391105 seconds
  Import took 0.393759 seconds .

========================================================================
Received Import Request.
  Time since last request: 10.861378 seconds.
  path: Assets/Meshes/Meshes.fbx
  artifactKey: Guid(7aaf72f55c88d41059f3b167990b551e) Importer(815301076,1909f56bfc062723c751e8b465ee728b)
Start importing Assets/Meshes/Meshes.fbx using Guid(7aaf72f55c88d41059f3b167990b551e) Importer(815301076,1909f56bfc062723c751e8b465ee728b)  -> (artifact id: '7ed82841f26d179fe9d1ef78e48b7799') in 0.185019 seconds
  Import took 0.187442 seconds .

========================================================================
Received Import Request.
  Time since last request: 5.612757 seconds.
  path: Assets/Prefabs/Player.prefab
  artifactKey: Guid(bc772c81fc87144fc888907aa1e54593) Importer(815301076,1909f56bfc062723c751e8b465ee728b)
Start importing Assets/Prefabs/Player.prefab using Guid(bc772c81fc87144fc888907aa1e54593) Importer(815301076,1909f56bfc062723c751e8b465ee728b)  -> (artifact id: '1dc597e75d4b39febe4b99cffaeaaa91') in 0.007129 seconds
  Import took 0.010035 seconds .

========================================================================
Received Import Request.
  Time since last request: 4.068107 seconds.
  path: Assets/Prefabs/Player.prefab
  artifactKey: Guid(bc772c81fc87144fc888907aa1e54593) Importer(815301076,1909f56bfc062723c751e8b465ee728b)
Start importing Assets/Prefabs/Player.prefab using Guid(bc772c81fc87144fc888907aa1e54593) Importer(815301076,1909f56bfc062723c751e8b465ee728b)  -> (artifact id: '1710b1d30dc1628484d761e08ef00e1c') in 0.006764 seconds
  Import took 0.009675 seconds .

========================================================================
Received Import Request.
  Time since last request: 0.607739 seconds.
  path: Assets/Prefabs/Player.prefab
  artifactKey: Guid(bc772c81fc87144fc888907aa1e54593) Importer(815301076,1909f56bfc062723c751e8b465ee728b)
Start importing Assets/Prefabs/Player.prefab using Guid(bc772c81fc87144fc888907aa1e54593) Importer(815301076,1909f56bfc062723c751e8b465ee728b)  -> (artifact id: '1117a2d8a08a36b9f18d38361f3bbead') in 0.006897 seconds
  Import took 0.009369 seconds .

========================================================================
Received Import Request.
  Time since last request: 27.349757 seconds.
  path: Assets/Prefabs/Player.prefab
  artifactKey: Guid(bc772c81fc87144fc888907aa1e54593) Importer(815301076,1909f56bfc062723c751e8b465ee728b)
Start importing Assets/Prefabs/Player.prefab using Guid(bc772c81fc87144fc888907aa1e54593) Importer(815301076,1909f56bfc062723c751e8b465ee728b)  -> (artifact id: 'c663768cc46d9ec5e2e35f805d9f1935') in 0.005931 seconds
  Import took 0.008395 seconds .

========================================================================
Received Import Request.
  Time since last request: 72.860163 seconds.
  path: Assets
  artifactKey: Guid(00000000000000001000000000000000) Importer(815301076,1909f56bfc062723c751e8b465ee728b)
Start importing Assets using Guid(00000000000000001000000000000000) Importer(815301076,1909f56bfc062723c751e8b465ee728b)  -> (artifact id: '42d402b061de3733987d63b9cc3b64de') in 0.000936 seconds
  Import took 0.004477 seconds .

========================================================================
Received Import Request.
  Time since last request: 60.477494 seconds.
  path: Assets/Prefabs/Level2.prefab
  artifactKey: Guid(ff69bc95a04694749ba7fe56c2d67562) Importer(815301076,1909f56bfc062723c751e8b465ee728b)
Start importing Assets/Prefabs/Level2.prefab using Guid(ff69bc95a04694749ba7fe56c2d67562) Importer(815301076,1909f56bfc062723c751e8b465ee728b)  -> (artifact id: 'ffcfbb08bfa28682504e08c56b6ea701') in 0.025922 seconds
  Import took 0.029642 seconds .

========================================================================
Received Import Request.
  Time since last request: 0.002010 seconds.
  path: Assets/Prefabs/Level2.prefab
  artifactKey: Guid(ff69bc95a04694749ba7fe56c2d67562) Importer(815301076,1909f56bfc062723c751e8b465ee728b)
Start importing Assets/Prefabs/Level2.prefab using Guid(ff69bc95a04694749ba7fe56c2d67562) Importer(815301076,1909f56bfc062723c751e8b465ee728b)  -> (artifact id: 'ffcfbb08bfa28682504e08c56b6ea701') in 0.026687 seconds
  Import took 0.030326 seconds .

========================================================================
Received Import Request.
  Time since last request: 31.525007 seconds.
  path: Assets/Prefabs/Player.prefab
  artifactKey: Guid(bc772c81fc87144fc888907aa1e54593) Importer(815301076,1909f56bfc062723c751e8b465ee728b)
Start importing Assets/Prefabs/Player.prefab using Guid(bc772c81fc87144fc888907aa1e54593) Importer(815301076,1909f56bfc062723c751e8b465ee728b)  -> (artifact id: '7d33d19f4c41e750c7f650812d35e7e1') in 0.008267 seconds
  Import took 0.010631 seconds .

========================================================================
Received Prepare
Registering precompiled user dll's ...
Registered in 0.002695 seconds.
Begin MonoManager ReloadAssembly
Native extension for OSXStandalone target not found
Refreshing native plugins compatible for Editor in 0.42 ms, found 2 plugins.
Preloading 0 native plugins for Editor in 0.00 ms.
Mono: successfully reloaded assembly
- Completed reload, in  1.135 seconds
Platform modules already initialized, skipping
Refreshing native plugins compatible for Editor in 0.27 ms, found 2 plugins.
Preloading 0 native plugins for Editor in 0.00 ms.
Unloading 1385 Unused Serialized files (Serialized files now loaded: 0)
System memory in use before: 148.3 MB.
System memory in use after: 148.4 MB.

Unloading 15 unused Assets to reduce memory usage. Loaded Objects now: 1870.
Total: 1.845945 ms (FindLiveObjects: 0.224423 ms CreateObjectMapping: 0.045563 ms MarkObjects: 1.528653 ms  DeleteObjects: 0.046589 ms)

========================================================================
Received Prepare
Registering precompiled user dll's ...
Registered in 0.001717 seconds.
Begin MonoManager ReloadAssembly
Native extension for OSXStandalone target not found
Refreshing native plugins compatible for Editor in 0.31 ms, found 2 plugins.
Preloading 0 native plugins for Editor in 0.00 ms.
Mono: successfully reloaded assembly
- Completed reload, in  0.953 seconds
Platform modules already initialized, skipping
Refreshing native plugins compatible for Editor in 0.29 ms, found 2 plugins.
Preloading 0 native plugins for Editor in 0.00 ms.
Unloading 1385 Unused Serialized files (Serialized files now loaded: 0)
System memory in use before: 148.5 MB.
System memory in use after: 148.5 MB.

Unloading 14 unused Assets to reduce memory usage. Loaded Objects now: 1873.
Total: 1.690938 ms (FindLiveObjects: 0.160623 ms CreateObjectMapping: 0.033887 ms MarkObjects: 1.453858 ms  DeleteObjects: 0.041884 ms)

========================================================================
Received Prepare
Registering precompiled user dll's ...
Registered in 0.001266 seconds.
Begin MonoManager ReloadAssembly
Native extension for OSXStandalone target not found
Refreshing native plugins compatible for Editor in 0.28 ms, found 2 plugins.
Preloading 0 native plugins for Editor in 0.00 ms.
Mono: successfully reloaded assembly
- Completed reload, in  0.922 seconds
Platform modules already initialized, skipping
Refreshing native plugins compatible for Editor in 0.28 ms, found 2 plugins.
Preloading 0 native plugins for Editor in 0.00 ms.
Unloading 1385 Unused Serialized files (Serialized files now loaded: 0)
System memory in use before: 148.6 MB.
System memory in use after: 148.7 MB.

Unloading 14 unused Assets to reduce memory usage. Loaded Objects now: 1876.
Total: 2.094107 ms (FindLiveObjects: 0.172659 ms CreateObjectMapping: 0.051831 ms MarkObjects: 1.817669 ms  DeleteObjects: 0.050687 ms)

========================================================================
Received Import Request.
  Time since last request: 140.787467 seconds.
  path: Assets/Prefabs/Player.prefab
  artifactKey: Guid(bc772c81fc87144fc888907aa1e54593) Importer(815301076,1909f56bfc062723c751e8b465ee728b)
Start importing Assets/Prefabs/Player.prefab using Guid(bc772c81fc87144fc888907aa1e54593) Importer(815301076,1909f56bfc062723c751e8b465ee728b)  -> (artifact id: 'b7a9c8eeaab1b3ee8596f87f8bd183eb') in 0.052012 seconds
  Import took 0.054247 seconds .

========================================================================
Received Import Request.
  Time since last request: 4.039903 seconds.
  path: Assets/Prefabs/Player.prefab
  artifactKey: Guid(bc772c81fc87144fc888907aa1e54593) Importer(815301076,1909f56bfc062723c751e8b465ee728b)
Start importing Assets/Prefabs/Player.prefab using Guid(bc772c81fc87144fc888907aa1e54593) Importer(815301076,1909f56bfc062723c751e8b465ee728b)  -> (artifact id: 'e926de21cde9696962e06ebfe4d53f35') in 0.006928 seconds
  Import took 0.009294 seconds .

========================================================================
Received Prepare
Registering precompiled user dll's ...
Registered in 0.001362 seconds.
Begin MonoManager ReloadAssembly
Native extension for OSXStandalone target not found
Refreshing native plugins compatible for Editor in 0.31 ms, found 2 plugins.
Preloading 0 native plugins for Editor in 0.00 ms.
Mono: successfully reloaded assembly
- Completed reload, in  1.030 seconds
Platform modules already initialized, skipping
Refreshing native plugins compatible for Editor in 0.25 ms, found 2 plugins.
Preloading 0 native plugins for Editor in 0.00 ms.
Unloading 1385 Unused Serialized files (Serialized files now loaded: 0)
System memory in use before: 148.9 MB.
System memory in use after: 149.0 MB.

Unloading 14 unused Assets to reduce memory usage. Loaded Objects now: 1880.
Total: 1.770461 ms (FindLiveObjects: 0.140032 ms CreateObjectMapping: 0.037027 ms MarkObjects: 1.551310 ms  DeleteObjects: 0.041250 ms)

========================================================================
Received Import Request.
  Time since last request: 246.119164 seconds.
  path: Assets/Prefabs/Brick1.prefab
  artifactKey: Guid(3db0a77408d774a07a67ba7bdba05afd) Importer(815301076,1909f56bfc062723c751e8b465ee728b)
Start importing Assets/Prefabs/Brick1.prefab using Guid(3db0a77408d774a07a67ba7bdba05afd) Importer(815301076,1909f56bfc062723c751e8b465ee728b)  -> (artifact id: '44a1bf44f3d1a33b119c5e9b23d6f788') in 0.056804 seconds
  Import took 0.059276 seconds .

========================================================================
Received Import Request.
  Time since last request: 52.994002 seconds.
  path: Assets/Prefabs/Brick2.prefab
  artifactKey: Guid(4d3e4e841b4c0429aaf6402f581b1483) Importer(815301076,1909f56bfc062723c751e8b465ee728b)
Start importing Assets/Prefabs/Brick2.prefab using Guid(4d3e4e841b4c0429aaf6402f581b1483) Importer(815301076,1909f56bfc062723c751e8b465ee728b)  -> (artifact id: '874a8d51d5e9ccffec6f0253fb39cbfb') in 0.006344 seconds
  Import took 0.008875 seconds .

========================================================================
Received Prepare
Registering precompiled user dll's ...
Registered in 0.001348 seconds.
Begin MonoManager ReloadAssembly
Native extension for OSXStandalone target not found
Refreshing native plugins compatible for Editor in 0.31 ms, found 2 plugins.
Preloading 0 native plugins for Editor in 0.00 ms.
Mono: successfully reloaded assembly
- Completed reload, in  1.079 seconds
Platform modules already initialized, skipping
Refreshing native plugins compatible for Editor in 0.27 ms, found 2 plugins.
Preloading 0 native plugins for Editor in 0.00 ms.
Unloading 1385 Unused Serialized files (Serialized files now loaded: 0)
System memory in use before: 149.2 MB.
System memory in use after: 149.3 MB.

Unloading 14 unused Assets to reduce memory usage. Loaded Objects now: 1884.
Total: 1.939905 ms (FindLiveObjects: 0.142846 ms CreateObjectMapping: 0.041270 ms MarkObjects: 1.708620 ms  DeleteObjects: 0.046269 ms)

========================================================================
Received Prepare
Registering precompiled user dll's ...
Registered in 0.001279 seconds.
Begin MonoManager ReloadAssembly
Native extension for OSXStandalone target not found
Refreshing native plugins compatible for Editor in 0.31 ms, found 2 plugins.
Preloading 0 native plugins for Editor in 0.00 ms.
Mono: successfully reloaded assembly
- Completed reload, in  1.058 seconds
Platform modules already initialized, skipping
Refreshing native plugins compatible for Editor in 0.26 ms, found 2 plugins.
Preloading 0 native plugins for Editor in 0.00 ms.
Unloading 1385 Unused Serialized files (Serialized files now loaded: 0)
System memory in use before: 149.3 MB.
System memory in use after: 149.4 MB.

Unloading 14 unused Assets to reduce memory usage. Loaded Objects now: 1887.
Total: 1.721221 ms (FindLiveObjects: 0.140046 ms CreateObjectMapping: 0.036897 ms MarkObjects: 1.498624 ms  DeleteObjects: 0.044909 ms)

========================================================================
Received Prepare
Registering precompiled user dll's ...
Registered in 0.002085 seconds.
Begin MonoManager ReloadAssembly
Native extension for OSXStandalone target not found
Refreshing native plugins compatible for Editor in 0.44 ms, found 2 plugins.
Preloading 0 native plugins for Editor in 0.00 ms.
Mono: successfully reloaded assembly
- Completed reload, in  1.072 seconds
Platform modules already initialized, skipping
Refreshing native plugins compatible for Editor in 0.26 ms, found 2 plugins.
Preloading 0 native plugins for Editor in 0.00 ms.
Unloading 1385 Unused Serialized files (Serialized files now loaded: 0)
System memory in use before: 149.5 MB.
System memory in use after: 149.5 MB.

Unloading 14 unused Assets to reduce memory usage. Loaded Objects now: 1890.
Total: 1.691756 ms (FindLiveObjects: 0.156431 ms CreateObjectMapping: 0.039319 ms MarkObjects: 1.454002 ms  DeleteObjects: 0.041369 ms)

========================================================================
Received Import Request.
  Time since last request: 394.712057 seconds.
  path: Assets/Scripts/GameManager.cs
  artifactKey: Guid(475dc5bdb53e2499eaf74aabee18cf69) Importer(815301076,1909f56bfc062723c751e8b465ee728b)
Start importing Assets/Scripts/GameManager.cs using Guid(475dc5bdb53e2499eaf74aabee18cf69) Importer(815301076,1909f56bfc062723c751e8b465ee728b)  -> (artifact id: '0274befbc16f4558a6b0a12b902b72ba') in 0.326527 seconds
  Import took 0.328784 seconds .

========================================================================
Received Prepare
Registering precompiled user dll's ...
Registered in 0.002079 seconds.
Begin MonoManager ReloadAssembly
Native extension for OSXStandalone target not found
Refreshing native plugins compatible for Editor in 0.32 ms, found 2 plugins.
Preloading 0 native plugins for Editor in 0.00 ms.
Mono: successfully reloaded assembly
- Completed reload, in  1.061 seconds
Platform modules already initialized, skipping
Refreshing native plugins compatible for Editor in 0.25 ms, found 2 plugins.
Preloading 0 native plugins for Editor in 0.00 ms.
Unloading 1385 Unused Serialized files (Serialized files now loaded: 0)
System memory in use before: 153.9 MB.
System memory in use after: 153.9 MB.

Unloading 14 unused Assets to reduce memory usage. Loaded Objects now: 1893.
Total: 1.770311 ms (FindLiveObjects: 0.269488 ms CreateObjectMapping: 0.046924 ms MarkObjects: 1.412635 ms  DeleteObjects: 0.040543 ms)

========================================================================
Received Prepare
Registering precompiled user dll's ...
Registered in 0.002035 seconds.
Begin MonoManager ReloadAssembly
Native extension for OSXStandalone target not found
Refreshing native plugins compatible for Editor in 0.37 ms, found 2 plugins.
Preloading 0 native plugins for Editor in 0.00 ms.
Mono: successfully reloaded assembly
- Completed reload, in  1.112 seconds
Platform modules already initialized, skipping
Refreshing native plugins compatible for Editor in 0.26 ms, found 2 plugins.
Preloading 0 native plugins for Editor in 0.00 ms.
Unloading 1385 Unused Serialized files (Serialized files now loaded: 0)
System memory in use before: 154.1 MB.
System memory in use after: 154.2 MB.

Unloading 14 unused Assets to reduce memory usage. Loaded Objects now: 1896.
Total: 1.717470 ms (FindLiveObjects: 0.166790 ms CreateObjectMapping: 0.047267 ms MarkObjects: 1.460130 ms  DeleteObjects: 0.042413 ms)

========================================================================
Received Prepare
Registering precompiled user dll's ...
Registered in 0.001323 seconds.
Begin MonoManager ReloadAssembly
Native extension for OSXStandalone target not found
Refreshing native plugins compatible for Editor in 0.33 ms, found 2 plugins.
Preloading 0 native plugins for Editor in 0.00 ms.
Mono: successfully reloaded assembly
- Completed reload, in  1.059 seconds
Platform modules already initialized, skipping
Refreshing native plugins compatible for Editor in 0.28 ms, found 2 plugins.
Preloading 0 native plugins for Editor in 0.00 ms.
Unloading 1385 Unused Serialized files (Serialized files now loaded: 0)
System memory in use before: 154.2 MB.
System memory in use after: 154.3 MB.

Unloading 14 unused Assets to reduce memory usage. Loaded Objects now: 1899.
Total: 1.839943 ms (FindLiveObjects: 0.151029 ms CreateObjectMapping: 0.042924 ms MarkObjects: 1.599146 ms  DeleteObjects: 0.045813 ms)

========================================================================
Received Prepare
Registering precompiled user dll's ...
Registered in 0.001249 seconds.
Begin MonoManager ReloadAssembly
Native extension for OSXStandalone target not found
Refreshing native plugins compatible for Editor in 0.31 ms, found 2 plugins.
Preloading 0 native plugins for Editor in 0.00 ms.
Mono: successfully reloaded assembly
- Completed reload, in  1.019 seconds
Platform modules already initialized, skipping
Refreshing native plugins compatible for Editor in 0.30 ms, found 2 plugins.
Preloading 0 native plugins for Editor in 0.00 ms.
Unloading 1385 Unused Serialized files (Serialized files now loaded: 0)
System memory in use before: 154.4 MB.
System memory in use after: 154.5 MB.

Unloading 14 unused Assets to reduce memory usage. Loaded Objects now: 1902.
Total: 1.814910 ms (FindLiveObjects: 0.147091 ms CreateObjectMapping: 0.039074 ms MarkObjects: 1.585399 ms  DeleteObjects: 0.042512 ms)

========================================================================
Received Import Request.
  Time since last request: 399.231895 seconds.
  path: Assets/Scripts/GameManager.cs
  artifactKey: Guid(475dc5bdb53e2499eaf74aabee18cf69) Importer(815301076,1909f56bfc062723c751e8b465ee728b)
Start importing Assets/Scripts/GameManager.cs using Guid(475dc5bdb53e2499eaf74aabee18cf69) Importer(815301076,1909f56bfc062723c751e8b465ee728b)  -> (artifact id: 'a8abd2c8c8d4d0b2be2743f30ac36d76') in 0.004847 seconds
  Import took 0.006952 seconds .

========================================================================
Received Import Request.
  Time since last request: 1.630094 seconds.
  path: Assets/Scripts/GameManager.cs
  artifactKey: Guid(475dc5bdb53e2499eaf74aabee18cf69) Importer(815301076,1909f56bfc062723c751e8b465ee728b)
Start importing Assets/Scripts/GameManager.cs using Guid(475dc5bdb53e2499eaf74aabee18cf69) Importer(815301076,1909f56bfc062723c751e8b465ee728b)  -> (artifact id: 'a8abd2c8c8d4d0b2be2743f30ac36d76') in 0.002937 seconds
  Import took 0.005052 seconds .

========================================================================
Received Prepare
Registering precompiled user dll's ...
Registered in 0.002510 seconds.
Begin MonoManager ReloadAssembly
Native extension for OSXStandalone target not found
Refreshing native plugins compatible for Editor in 0.29 ms, found 2 plugins.
Preloading 0 native plugins for Editor in 0.00 ms.
Mono: successfully reloaded assembly
- Completed reload, in  1.012 seconds
Platform modules already initialized, skipping
Refreshing native plugins compatible for Editor in 0.29 ms, found 2 plugins.
Preloading 0 native plugins for Editor in 0.00 ms.
Unloading 1385 Unused Serialized files (Serialized files now loaded: 0)
System memory in use before: 154.6 MB.
System memory in use after: 154.7 MB.

Unloading 14 unused Assets to reduce memory usage. Loaded Objects now: 1905.
Total: 1.623991 ms (FindLiveObjects: 0.145943 ms CreateObjectMapping: 0.033844 ms MarkObjects: 1.401645 ms  DeleteObjects: 0.041874 ms)

========================================================================
Received Prepare
Registering precompiled user dll's ...
Registered in 0.001247 seconds.
Begin MonoManager ReloadAssembly
Native extension for OSXStandalone target not found
Refreshing native plugins compatible for Editor in 0.56 ms, found 2 plugins.
Preloading 0 native plugins for Editor in 0.00 ms.
Mono: successfully reloaded assembly
- Completed reload, in  1.067 seconds
Platform modules already initialized, skipping
Refreshing native plugins compatible for Editor in 0.28 ms, found 2 plugins.
Preloading 0 native plugins for Editor in 0.00 ms.
Unloading 1385 Unused Serialized files (Serialized files now loaded: 0)
System memory in use before: 154.8 MB.
System memory in use after: 154.9 MB.

Unloading 14 unused Assets to reduce memory usage. Loaded Objects now: 1908.
Total: 1.974040 ms (FindLiveObjects: 0.147174 ms CreateObjectMapping: 0.038563 ms MarkObjects: 1.742103 ms  DeleteObjects: 0.045273 ms)

========================================================================
Received Prepare
Registering precompiled user dll's ...
Registered in 0.001663 seconds.
Begin MonoManager ReloadAssembly
Native extension for OSXStandalone target not found
Refreshing native plugins compatible for Editor in 0.33 ms, found 2 plugins.
Preloading 0 native plugins for Editor in 0.00 ms.
Mono: successfully reloaded assembly
- Completed reload, in  1.086 seconds
Platform modules already initialized, skipping
Refreshing native plugins compatible for Editor in 0.25 ms, found 2 plugins.
Preloading 0 native plugins for Editor in 0.00 ms.
Unloading 1385 Unused Serialized files (Serialized files now loaded: 0)
System memory in use before: 154.9 MB.
System memory in use after: 155.0 MB.

Unloading 14 unused Assets to reduce memory usage. Loaded Objects now: 1911.
Total: 2.264920 ms (FindLiveObjects: 0.328052 ms CreateObjectMapping: 0.114284 ms MarkObjects: 1.775601 ms  DeleteObjects: 0.046080 ms)

========================================================================
Received Import Request.
  Time since last request: 495.611396 seconds.
  path: Assets/Prefabs/Level1.prefab
  artifactKey: Guid(65ccf185ff83d48d1aa2e44d294bf560) Importer(815301076,1909f56bfc062723c751e8b465ee728b)
Start importing Assets/Prefabs/Level1.prefab using Guid(65ccf185ff83d48d1aa2e44d294bf560) Importer(815301076,1909f56bfc062723c751e8b465ee728b)  -> (artifact id: 'f7567db9a66f5926a0767f5a7f04af5f') in 0.076332 seconds
  Import took 0.080134 seconds .

========================================================================
Received Import Request.
  Time since last request: 2.401588 seconds.
  path: Assets/Prefabs/Level1 1.prefab
  artifactKey: Guid(8df46bc7d0b8d45daaf055d947eb1608) Importer(815301076,1909f56bfc062723c751e8b465ee728b)
Start importing Assets/Prefabs/Level1 1.prefab using Guid(8df46bc7d0b8d45daaf055d947eb1608) Importer(815301076,1909f56bfc062723c751e8b465ee728b)  -> (artifact id: '9ef280a222a903e26a2cd744a1a450ac') in 0.026269 seconds
  Import took 0.030230 seconds .

========================================================================
Received Import Request.
  Time since last request: 0.000364 seconds.
  path: Assets/Prefabs/Level1 1.prefab
  artifactKey: Guid(8df46bc7d0b8d45daaf055d947eb1608) Importer(815301076,1909f56bfc062723c751e8b465ee728b)
Start importing Assets/Prefabs/Level1 1.prefab using Guid(8df46bc7d0b8d45daaf055d947eb1608) Importer(815301076,1909f56bfc062723c751e8b465ee728b)  -> (artifact id: '9ef280a222a903e26a2cd744a1a450ac') in 0.025851 seconds
  Import took 0.029579 seconds .

========================================================================
Received Import Request.
  Time since last request: 4.522875 seconds.
  path: Assets/Prefabs/Level0.prefab
  artifactKey: Guid(8df46bc7d0b8d45daaf055d947eb1608) Importer(815301076,1909f56bfc062723c751e8b465ee728b)
Start importing Assets/Prefabs/Level0.prefab using Guid(8df46bc7d0b8d45daaf055d947eb1608) Importer(815301076,1909f56bfc062723c751e8b465ee728b)  -> (artifact id: '76629137e71c984a0529cad5d719c908') in 0.027041 seconds
  Import took 0.032061 seconds .

========================================================================
Received Prepare
Registering precompiled user dll's ...
Registered in 0.002099 seconds.
Begin MonoManager ReloadAssembly
Native extension for OSXStandalone target not found
Refreshing native plugins compatible for Editor in 0.35 ms, found 2 plugins.
Preloading 0 native plugins for Editor in 0.00 ms.
Mono: successfully reloaded assembly
- Completed reload, in  1.074 seconds
Platform modules already initialized, skipping
Refreshing native plugins compatible for Editor in 0.40 ms, found 2 plugins.
Preloading 0 native plugins for Editor in 0.00 ms.
Unloading 1385 Unused Serialized files (Serialized files now loaded: 0)
System memory in use before: 156.0 MB.
System memory in use after: 156.1 MB.

Unloading 14 unused Assets to reduce memory usage. Loaded Objects now: 1915.
Total: 1.730704 ms (FindLiveObjects: 0.150076 ms CreateObjectMapping: 0.040648 ms MarkObjects: 1.500627 ms  DeleteObjects: 0.038683 ms)

========================================================================
Received Import Request.
  Time since last request: 96.380313 seconds.
  path: Assets/Prefabs/Level0.prefab
  artifactKey: Guid(8df46bc7d0b8d45daaf055d947eb1608) Importer(815301076,1909f56bfc062723c751e8b465ee728b)
Start importing Assets/Prefabs/Level0.prefab using Guid(8df46bc7d0b8d45daaf055d947eb1608) Importer(815301076,1909f56bfc062723c751e8b465ee728b)  -> (artifact id: '506e9a39e4d81c3643a5c28a7d273110') in 0.058206 seconds
  Import took 0.060699 seconds .

========================================================================
Received Prepare
Registering precompiled user dll's ...
Registered in 0.001319 seconds.
Begin MonoManager ReloadAssembly
Native extension for OSXStandalone target not found
Refreshing native plugins compatible for Editor in 0.40 ms, found 2 plugins.
Preloading 0 native plugins for Editor in 0.00 ms.
Mono: successfully reloaded assembly
- Completed reload, in  1.057 seconds
Platform modules already initialized, skipping
Refreshing native plugins compatible for Editor in 0.33 ms, found 2 plugins.
Preloading 0 native plugins for Editor in 0.00 ms.
Unloading 1385 Unused Serialized files (Serialized files now loaded: 0)
System memory in use before: 156.2 MB.
System memory in use after: 156.3 MB.

Unloading 14 unused Assets to reduce memory usage. Loaded Objects now: 1919.
Total: 1.702671 ms (FindLiveObjects: 0.165082 ms CreateObjectMapping: 0.042760 ms MarkObjects: 1.455090 ms  DeleteObjects: 0.039106 ms)

========================================================================
Received Import Request.
  Time since last request: 72.913784 seconds.
  path: Assets/Prefabs/Level0.prefab
  artifactKey: Guid(8df46bc7d0b8d45daaf055d947eb1608) Importer(815301076,1909f56bfc062723c751e8b465ee728b)
Start importing Assets/Prefabs/Level0.prefab using Guid(8df46bc7d0b8d45daaf055d947eb1608) Importer(815301076,1909f56bfc062723c751e8b465ee728b)  -> (artifact id: 'a91ed415f63d55668708516566aefe93') in 0.056642 seconds
  Import took 0.059082 seconds .

========================================================================
Received Prepare
Registering precompiled user dll's ...
Registered in 0.001457 seconds.
Begin MonoManager ReloadAssembly
Native extension for OSXStandalone target not found
Refreshing native plugins compatible for Editor in 0.30 ms, found 2 plugins.
Preloading 0 native plugins for Editor in 0.00 ms.
Mono: successfully reloaded assembly
- Completed reload, in  1.058 seconds
Platform modules already initialized, skipping
Refreshing native plugins compatible for Editor in 0.27 ms, found 2 plugins.
Preloading 0 native plugins for Editor in 0.00 ms.
Unloading 1385 Unused Serialized files (Serialized files now loaded: 0)
System memory in use before: 156.5 MB.
System memory in use after: 156.6 MB.

Unloading 14 unused Assets to reduce memory usage. Loaded Objects now: 1923.
Total: 1.727109 ms (FindLiveObjects: 0.154215 ms CreateObjectMapping: 0.035445 ms MarkObjects: 1.497933 ms  DeleteObjects: 0.038788 ms)

========================================================================
Received Prepare
Registering precompiled user dll's ...
Registered in 0.001485 seconds.
Begin MonoManager ReloadAssembly
Native extension for OSXStandalone target not found
Refreshing native plugins compatible for Editor in 0.31 ms, found 2 plugins.
Preloading 0 native plugins for Editor in 0.00 ms.
Mono: successfully reloaded assembly
- Completed reload, in  1.089 seconds
Platform modules already initialized, skipping
Refreshing native plugins compatible for Editor in 0.30 ms, found 2 plugins.
Preloading 0 native plugins for Editor in 0.00 ms.
Unloading 1385 Unused Serialized files (Serialized files now loaded: 0)
System memory in use before: 156.6 MB.
System memory in use after: 156.7 MB.

Unloading 14 unused Assets to reduce memory usage. Loaded Objects now: 1926.
Total: 1.772384 ms (FindLiveObjects: 0.181220 ms CreateObjectMapping: 0.035657 ms MarkObjects: 1.515157 ms  DeleteObjects: 0.039722 ms)

========================================================================
Received Prepare
Registering precompiled user dll's ...
Registered in 0.001363 seconds.
Begin MonoManager ReloadAssembly
Native extension for OSXStandalone target not found
Refreshing native plugins compatible for Editor in 0.34 ms, found 2 plugins.
Preloading 0 native plugins for Editor in 0.00 ms.
Mono: successfully reloaded assembly
- Completed reload, in  1.056 seconds
Platform modules already initialized, skipping
Refreshing native plugins compatible for Editor in 0.25 ms, found 2 plugins.
Preloading 0 native plugins for Editor in 0.00 ms.
Unloading 1385 Unused Serialized files (Serialized files now loaded: 0)
System memory in use before: 156.8 MB.
System memory in use after: 156.9 MB.

Unloading 14 unused Assets to reduce memory usage. Loaded Objects now: 1929.
Total: 1.722263 ms (FindLiveObjects: 0.141348 ms CreateObjectMapping: 0.038815 ms MarkObjects: 1.501691 ms  DeleteObjects: 0.039706 ms)

========================================================================
Received Prepare
Registering precompiled user dll's ...
Registered in 0.001226 seconds.
Begin MonoManager ReloadAssembly
Native extension for OSXStandalone target not found
Refreshing native plugins compatible for Editor in 0.32 ms, found 2 plugins.
Preloading 0 native plugins for Editor in 0.00 ms.
Mono: successfully reloaded assembly
- Completed reload, in  1.044 seconds
Platform modules already initialized, skipping
Refreshing native plugins compatible for Editor in 0.25 ms, found 2 plugins.
Preloading 0 native plugins for Editor in 0.00 ms.
Unloading 1385 Unused Serialized files (Serialized files now loaded: 0)
System memory in use before: 157.0 MB.
System memory in use after: 157.0 MB.

Unloading 14 unused Assets to reduce memory usage. Loaded Objects now: 1932.
Total: 1.691441 ms (FindLiveObjects: 0.150392 ms CreateObjectMapping: 0.041331 ms MarkObjects: 1.458504 ms  DeleteObjects: 0.040533 ms)

========================================================================
Received Prepare
Registering precompiled user dll's ...
Registered in 0.001242 seconds.
Begin MonoManager ReloadAssembly
Native extension for OSXStandalone target not found
Refreshing native plugins compatible for Editor in 0.43 ms, found 2 plugins.
Preloading 0 native plugins for Editor in 0.00 ms.
Mono: successfully reloaded assembly
- Completed reload, in  1.042 seconds
Platform modules already initialized, skipping
Refreshing native plugins compatible for Editor in 0.25 ms, found 2 plugins.
Preloading 0 native plugins for Editor in 0.00 ms.
Unloading 1385 Unused Serialized files (Serialized files now loaded: 0)
System memory in use before: 157.2 MB.
System memory in use after: 157.2 MB.

Unloading 14 unused Assets to reduce memory usage. Loaded Objects now: 1935.
Total: 1.620042 ms (FindLiveObjects: 0.134500 ms CreateObjectMapping: 0.034772 ms MarkObjects: 1.412075 ms  DeleteObjects: 0.038048 ms)

========================================================================
Received Prepare
Registering precompiled user dll's ...
Registered in 0.001300 seconds.
Begin MonoManager ReloadAssembly
Native extension for OSXStandalone target not found
Refreshing native plugins compatible for Editor in 0.32 ms, found 2 plugins.
Preloading 0 native plugins for Editor in 0.00 ms.
Mono: successfully reloaded assembly
- Completed reload, in  1.068 seconds
Platform modules already initialized, skipping
Refreshing native plugins compatible for Editor in 0.27 ms, found 2 plugins.
Preloading 0 native plugins for Editor in 0.00 ms.
Unloading 1385 Unused Serialized files (Serialized files now loaded: 0)
System memory in use before: 157.3 MB.
System memory in use after: 157.3 MB.

Unloading 14 unused Assets to reduce memory usage. Loaded Objects now: 1938.
Total: 2.161543 ms (FindLiveObjects: 0.146331 ms CreateObjectMapping: 0.038413 ms MarkObjects: 1.929772 ms  DeleteObjects: 0.046215 ms)

========================================================================
Received Import Request.
  Time since last request: 948.210026 seconds.
  path: Assets/Scripts/Player.cs
  artifactKey: Guid(1b0110752577c42f88611b04402721c8) Importer(815301076,1909f56bfc062723c751e8b465ee728b)
Start importing Assets/Scripts/Player.cs using Guid(1b0110752577c42f88611b04402721c8) Importer(815301076,1909f56bfc062723c751e8b465ee728b)  -> (artifact id: '4662cb0663f5028d71693c9a3736a726') in 0.005274 seconds
  Import took 0.007300 seconds .

========================================================================
Received Import Request.
  Time since last request: 1.466707 seconds.
  path: Assets/Scripts/Player.cs
  artifactKey: Guid(1b0110752577c42f88611b04402721c8) Importer(815301076,1909f56bfc062723c751e8b465ee728b)
Start importing Assets/Scripts/Player.cs using Guid(1b0110752577c42f88611b04402721c8) Importer(815301076,1909f56bfc062723c751e8b465ee728b)  -> (artifact id: '4662cb0663f5028d71693c9a3736a726') in 0.003392 seconds
  Import took 0.005714 seconds .

========================================================================
Received Prepare
Registering precompiled user dll's ...
Registered in 0.001267 seconds.
Begin MonoManager ReloadAssembly
Native extension for OSXStandalone target not found
Refreshing native plugins compatible for Editor in 0.33 ms, found 2 plugins.
Preloading 0 native plugins for Editor in 0.00 ms.
Mono: successfully reloaded assembly
- Completed reload, in  1.018 seconds
Platform modules already initialized, skipping
Refreshing native plugins compatible for Editor in 0.27 ms, found 2 plugins.
Preloading 0 native plugins for Editor in 0.00 ms.
Unloading 1385 Unused Serialized files (Serialized files now loaded: 0)
System memory in use before: 157.5 MB.
System memory in use after: 157.6 MB.

Unloading 14 unused Assets to reduce memory usage. Loaded Objects now: 1941.
Total: 1.721044 ms (FindLiveObjects: 0.152797 ms CreateObjectMapping: 0.033569 ms MarkObjects: 1.496983 ms  DeleteObjects: 0.037106 ms)

========================================================================
Received Prepare
Registering precompiled user dll's ...
Registered in 0.001367 seconds.
Begin MonoManager ReloadAssembly
Native extension for OSXStandalone target not found
Refreshing native plugins compatible for Editor in 0.32 ms, found 2 plugins.
Preloading 0 native plugins for Editor in 0.00 ms.
Mono: successfully reloaded assembly
- Completed reload, in  1.070 seconds
Platform modules already initialized, skipping
Refreshing native plugins compatible for Editor in 0.52 ms, found 2 plugins.
Preloading 0 native plugins for Editor in 0.00 ms.
Unloading 1385 Unused Serialized files (Serialized files now loaded: 0)
System memory in use before: 157.7 MB.
System memory in use after: 157.8 MB.

Unloading 14 unused Assets to reduce memory usage. Loaded Objects now: 1944.
Total: 1.845083 ms (FindLiveObjects: 0.194934 ms CreateObjectMapping: 0.050430 ms MarkObjects: 1.551976 ms  DeleteObjects: 0.047089 ms)

========================================================================
Received Prepare
Registering precompiled user dll's ...
Registered in 0.001304 seconds.
Begin MonoManager ReloadAssembly
Native extension for OSXStandalone target not found
Refreshing native plugins compatible for Editor in 0.32 ms, found 2 plugins.
Preloading 0 native plugins for Editor in 0.00 ms.
Mono: successfully reloaded assembly
- Completed reload, in  1.073 seconds
Platform modules already initialized, skipping
Refreshing native plugins compatible for Editor in 0.26 ms, found 2 plugins.
Preloading 0 native plugins for Editor in 0.00 ms.
Unloading 1385 Unused Serialized files (Serialized files now loaded: 0)
System memory in use before: 157.8 MB.
System memory in use after: 157.9 MB.

Unloading 14 unused Assets to reduce memory usage. Loaded Objects now: 1947.
Total: 1.864085 ms (FindLiveObjects: 0.150549 ms CreateObjectMapping: 0.038430 ms MarkObjects: 1.629215 ms  DeleteObjects: 0.044959 ms)

========================================================================
Received Prepare
Registering precompiled user dll's ...
Registered in 0.001770 seconds.
Begin MonoManager ReloadAssembly
Native extension for OSXStandalone target not found
Refreshing native plugins compatible for Editor in 0.34 ms, found 2 plugins.
Preloading 0 native plugins for Editor in 0.00 ms.
Mono: successfully reloaded assembly
- Completed reload, in  1.016 seconds
Platform modules already initialized, skipping
Refreshing native plugins compatible for Editor in 0.32 ms, found 2 plugins.
Preloading 0 native plugins for Editor in 0.00 ms.
Unloading 1385 Unused Serialized files (Serialized files now loaded: 0)
System memory in use before: 158.0 MB.
System memory in use after: 158.1 MB.

Unloading 14 unused Assets to reduce memory usage. Loaded Objects now: 1950.
Total: 1.718763 ms (FindLiveObjects: 0.152987 ms CreateObjectMapping: 0.033833 ms MarkObjects: 1.491908 ms  DeleteObjects: 0.039289 ms)

========================================================================
Received Import Request.
  Time since last request: 1081.465569 seconds.
  path: Assets/Prefabs/Level0.prefab
  artifactKey: Guid(8df46bc7d0b8d45daaf055d947eb1608) Importer(815301076,1909f56bfc062723c751e8b465ee728b)
Start importing Assets/Prefabs/Level0.prefab using Guid(8df46bc7d0b8d45daaf055d947eb1608) Importer(815301076,1909f56bfc062723c751e8b465ee728b)  -> (artifact id: 'd4f0d1d7823659c8c260532bd0b17c38') in 0.054657 seconds
  Import took 0.056820 seconds .

========================================================================
Received Import Request.
  Time since last request: 40.359170 seconds.
  path: Assets/Prefabs/Level2.prefab
  artifactKey: Guid(ff69bc95a04694749ba7fe56c2d67562) Importer(815301076,1909f56bfc062723c751e8b465ee728b)
Start importing Assets/Prefabs/Level2.prefab using Guid(ff69bc95a04694749ba7fe56c2d67562) Importer(815301076,1909f56bfc062723c751e8b465ee728b)  -> (artifact id: '42ac5f62e16a67f4ca0e4fc63b337f4d') in 0.026882 seconds
  Import took 0.030533 seconds .

========================================================================
Received Import Request.
  Time since last request: 0.005970 seconds.
  path: Assets/Prefabs/Level2.prefab
  artifactKey: Guid(ff69bc95a04694749ba7fe56c2d67562) Importer(815301076,1909f56bfc062723c751e8b465ee728b)
Start importing Assets/Prefabs/Level2.prefab using Guid(ff69bc95a04694749ba7fe56c2d67562) Importer(815301076,1909f56bfc062723c751e8b465ee728b)  -> (artifact id: '42ac5f62e16a67f4ca0e4fc63b337f4d') in 0.025082 seconds
  Import took 0.030760 seconds .

========================================================================
Received Prepare
Registering precompiled user dll's ...
Registered in 0.001240 seconds.
Begin MonoManager ReloadAssembly
Native extension for OSXStandalone target not found
Refreshing native plugins compatible for Editor in 0.31 ms, found 2 plugins.
Preloading 0 native plugins for Editor in 0.00 ms.
Mono: successfully reloaded assembly
- Completed reload, in  1.025 seconds
Platform modules already initialized, skipping
Refreshing native plugins compatible for Editor in 0.28 ms, found 2 plugins.
Preloading 0 native plugins for Editor in 0.00 ms.
Unloading 1385 Unused Serialized files (Serialized files now loaded: 0)
System memory in use before: 158.4 MB.
System memory in use after: 158.5 MB.

Unloading 14 unused Assets to reduce memory usage. Loaded Objects now: 1954.
Total: 1.627768 ms (FindLiveObjects: 0.138975 ms CreateObjectMapping: 0.033603 ms MarkObjects: 1.414460 ms  DeleteObjects: 0.040005 ms)

========================================================================
Received Import Request.
  Time since last request: 301.565970 seconds.
  path: Assets/Materials/Brick1.mat
  artifactKey: Guid(9ab49f994de4f44688febd13cc9362e6) Importer(815301076,1909f56bfc062723c751e8b465ee728b)
Start importing Assets/Materials/Brick1.mat using Guid(9ab49f994de4f44688febd13cc9362e6) Importer(815301076,1909f56bfc062723c751e8b465ee728b)  -> (artifact id: '1cf7afd78e1463986cadd3b7ad1eddbf') in 0.176847 seconds
  Import took 0.179485 seconds .

========================================================================
Received Import Request.
  Time since last request: 0.000176 seconds.
  path: Assets/Materials/BrickHit.mat
  artifactKey: Guid(39f371f6f492a46b5bbeda32a7c8e67b) Importer(815301076,1909f56bfc062723c751e8b465ee728b)
Start importing Assets/Materials/BrickHit.mat using Guid(39f371f6f492a46b5bbeda32a7c8e67b) Importer(815301076,1909f56bfc062723c751e8b465ee728b)  -> (artifact id: '600f7170c0a29b02ed4e4927a757913a') in 0.005868 seconds
  Import took 0.007608 seconds .

========================================================================
Received Import Request.
  Time since last request: 0.000179 seconds.
  path: Assets/Materials/Brick2.mat
  artifactKey: Guid(120ecb75c01914f7f90d041845c16797) Importer(815301076,1909f56bfc062723c751e8b465ee728b)
Start importing Assets/Materials/Brick2.mat using Guid(120ecb75c01914f7f90d041845c16797) Importer(815301076,1909f56bfc062723c751e8b465ee728b)  -> (artifact id: '1477e8e81770647a1b1ebf33a33d2c2a') in 0.005273 seconds
  Import took 0.007413 seconds .

========================================================================
Received Import Request.
  Time since last request: 0.000162 seconds.
  path: Assets/Materials/Paddle.mat
  artifactKey: Guid(879b687347de94f239f2cbf57fa9d130) Importer(815301076,1909f56bfc062723c751e8b465ee728b)
Start importing Assets/Materials/Paddle.mat using Guid(879b687347de94f239f2cbf57fa9d130) Importer(815301076,1909f56bfc062723c751e8b465ee728b)  -> (artifact id: 'a1d2af346d59d75fab18309ca9cce502') in 0.005508 seconds
  Import took 0.007611 seconds .

========================================================================
Received Prepare
Registering precompiled user dll's ...
Registered in 0.001292 seconds.
Begin MonoManager ReloadAssembly
Native extension for OSXStandalone target not found
Refreshing native plugins compatible for Editor in 0.31 ms, found 2 plugins.
Preloading 0 native plugins for Editor in 0.00 ms.
Mono: successfully reloaded assembly
- Completed reload, in  1.063 seconds
Platform modules already initialized, skipping
Refreshing native plugins compatible for Editor in 0.25 ms, found 2 plugins.
Preloading 0 native plugins for Editor in 0.00 ms.
Unloading 1385 Unused Serialized files (Serialized files now loaded: 0)
System memory in use before: 162.9 MB.
System memory in use after: 163.0 MB.

Unloading 14 unused Assets to reduce memory usage. Loaded Objects now: 1958.
Total: 1.729455 ms (FindLiveObjects: 0.145933 ms CreateObjectMapping: 0.037306 ms MarkObjects: 1.503363 ms  DeleteObjects: 0.042191 ms)

========================================================================
Received Prepare
Registering precompiled user dll's ...
Registered in 0.001524 seconds.
Begin MonoManager ReloadAssembly
Native extension for OSXStandalone target not found
Refreshing native plugins compatible for Editor in 0.30 ms, found 2 plugins.
Preloading 0 native plugins for Editor in 0.00 ms.
Mono: successfully reloaded assembly
- Completed reload, in  1.034 seconds
Platform modules already initialized, skipping
Refreshing native plugins compatible for Editor in 0.26 ms, found 2 plugins.
Preloading 0 native plugins for Editor in 0.00 ms.
Unloading 1385 Unused Serialized files (Serialized files now loaded: 0)
System memory in use before: 163.1 MB.
System memory in use after: 163.2 MB.

Unloading 14 unused Assets to reduce memory usage. Loaded Objects now: 1961.
Total: 1.665907 ms (FindLiveObjects: 0.139779 ms CreateObjectMapping: 0.035035 ms MarkObjects: 1.447384 ms  DeleteObjects: 0.042106 ms)

========================================================================
Received Prepare
Registering precompiled user dll's ...
Registered in 0.001242 seconds.
Begin MonoManager ReloadAssembly
Native extension for OSXStandalone target not found
Refreshing native plugins compatible for Editor in 0.33 ms, found 2 plugins.
Preloading 0 native plugins for Editor in 0.00 ms.
Mono: successfully reloaded assembly
- Completed reload, in  1.067 seconds
Platform modules already initialized, skipping
Refreshing native plugins compatible for Editor in 0.25 ms, found 2 plugins.
Preloading 0 native plugins for Editor in 0.00 ms.
Unloading 1385 Unused Serialized files (Serialized files now loaded: 0)
System memory in use before: 163.3 MB.
System memory in use after: 163.4 MB.

Unloading 14 unused Assets to reduce memory usage. Loaded Objects now: 1964.
Total: 1.731196 ms (FindLiveObjects: 0.154993 ms CreateObjectMapping: 0.041721 ms MarkObjects: 1.487166 ms  DeleteObjects: 0.046649 ms)

========================================================================
Received Prepare
Registering precompiled user dll's ...
Registered in 0.003136 seconds.
Begin MonoManager ReloadAssembly
Native extension for OSXStandalone target not found
Refreshing native plugins compatible for Editor in 0.31 ms, found 2 plugins.
Preloading 0 native plugins for Editor in 0.00 ms.
Mono: successfully reloaded assembly
- Completed reload, in  1.037 seconds
Platform modules already initialized, skipping
Refreshing native plugins compatible for Editor in 0.27 ms, found 2 plugins.
Preloading 0 native plugins for Editor in 0.00 ms.
Unloading 1385 Unused Serialized files (Serialized files now loaded: 0)
System memory in use before: 163.5 MB.
System memory in use after: 163.6 MB.

Unloading 14 unused Assets to reduce memory usage. Loaded Objects now: 1967.
Total: 1.819583 ms (FindLiveObjects: 0.181220 ms CreateObjectMapping: 0.059059 ms MarkObjects: 1.532199 ms  DeleteObjects: 0.046089 ms)

========================================================================
Received Prepare
Registering precompiled user dll's ...
Registered in 0.001390 seconds.
Begin MonoManager ReloadAssembly
Native extension for OSXStandalone target not found
Refreshing native plugins compatible for Editor in 0.32 ms, found 2 plugins.
Preloading 0 native plugins for Editor in 0.00 ms.
Mono: successfully reloaded assembly
- Completed reload, in  1.073 seconds
Platform modules already initialized, skipping
Refreshing native plugins compatible for Editor in 0.25 ms, found 2 plugins.
Preloading 0 native plugins for Editor in 0.00 ms.
Unloading 1385 Unused Serialized files (Serialized files now loaded: 0)
System memory in use before: 163.6 MB.
System memory in use after: 163.7 MB.

Unloading 14 unused Assets to reduce memory usage. Loaded Objects now: 1970.
Total: 1.707648 ms (FindLiveObjects: 0.132384 ms CreateObjectMapping: 0.036019 ms MarkObjects: 1.498553 ms  DeleteObjects: 0.040000 ms)

