Using pre-set license

 COMMAND LINE ARGUMENTS:
/Users/stevo/Applications/Unity Lab/2020.3.13f1/Unity.app/Contents/MacOS/Unity
-adb2
-batchMode
-noUpm
-name
AssetImportWorker0
-projectPath
/Users/stevo/git/UNITY/R&D/BrickTheBeat
-logFile
Logs/AssetImportWorker0.log
-srvPort
50186
Successfully changed project path to: /Users/stevo/git/UNITY/R&D/BrickTheBeat
/Users/stevo/git/UNITY/R&D/BrickTheBeat
Using Asset Import Pipeline V2.
Refreshing native plugins compatible for Editor in 35.18 ms, found 2 plugins.
Preloading 0 native plugins for Editor in 0.00 ms.
Initialize engine version: 2020.3.13f1 (71691879b7f5)
[Subsystems] Discovering subsystems at path /Users/stevo/Applications/Unity Lab/2020.3.13f1/Unity.app/Contents/Resources/UnitySubsystems
[Subsystems] Discovering subsystems at path /Users/stevo/git/UNITY/R&D/BrickTheBeat/Assets
GfxDevice: creating device client; threaded=0
2021-09-19 13:55:53.506 Unity[1026:25500] Color LCD preferred device: Intel(R) Iris(TM) Plus Graphics 655 (low power)
2021-09-19 13:55:53.506 Unity[1026:25500] Metal devices available: 1
2021-09-19 13:55:53.506 Unity[1026:25500] 0: Intel(R) Iris(TM) Plus Graphics 655 (low power)
2021-09-19 13:55:53.507 Unity[1026:25500] Using device Intel(R) Iris(TM) Plus Graphics 655 (low power)
Initializing Metal device caps: Intel(R) Iris(TM) Plus Graphics 655
Initialize mono
Mono path[0] = '/Users/stevo/Applications/Unity Lab/2020.3.13f1/Unity.app/Contents/Managed'
Mono path[1] = '/Users/stevo/Applications/Unity Lab/2020.3.13f1/Unity.app/Contents/MonoBleedingEdge/lib/mono/unityjit'
Mono config path = '/Users/stevo/Applications/Unity Lab/2020.3.13f1/Unity.app/Contents/MonoBleedingEdge/etc'
Using monoOptions --debugger-agent=transport=dt_socket,embedding=1,server=y,suspend=n,address=127.0.0.1:56026
Begin MonoManager ReloadAssembly
Registering precompiled unity dll's ...
Register platform support module: /Users/stevo/Applications/Unity Lab/2020.3.13f1/Unity.app/Contents/PlaybackEngines/MacStandaloneSupport/UnityEditor.OSXStandalone.Extensions.dll
Registered in 0.000984 seconds.
Native extension for OSXStandalone target not found
Refreshing native plugins compatible for Editor in 34.73 ms, found 2 plugins.
Preloading 0 native plugins for Editor in 0.00 ms.
Mono: successfully reloaded assembly
- Completed reload, in  2.475 seconds
Platform modules already initialized, skipping
Registering precompiled user dll's ...
Registered in 0.001667 seconds.
Begin MonoManager ReloadAssembly
Native extension for OSXStandalone target not found
Refreshing native plugins compatible for Editor in 0.37 ms, found 2 plugins.
Preloading 0 native plugins for Editor in 0.00 ms.
Mono: successfully reloaded assembly
- Completed reload, in  1.749 seconds
Platform modules already initialized, skipping
========================================================================
Worker process is ready to serve import requests
Launching external process: /Users/stevo/Applications/Unity Lab/2020.3.13f1/Unity.app/Contents/Tools/UnityShaderCompiler
Launched and connected shader compiler UnityShaderCompiler after 0.02 seconds
Refreshing native plugins compatible for Editor in 0.49 ms, found 2 plugins.
Preloading 0 native plugins for Editor in 0.00 ms.
Unloading 1406 Unused Serialized files (Serialized files now loaded: 0)
System memory in use before: 136.2 MB.
System memory in use after: 136.3 MB.

Unloading 19 unused Assets to reduce memory usage. Loaded Objects now: 1841.
Total: 3.499302 ms (FindLiveObjects: 0.346676 ms CreateObjectMapping: 0.166354 ms MarkObjects: 2.857889 ms  DeleteObjects: 0.126839 ms)

AssetImportParameters requested are different than current active one (requested -> active):
  custom:video-decoder-ogg-theora: a1e56fd34408186e4bbccfd4996cb3dc -> 
  custom:container-muxer-webm: aa71ff27fc2769a1b78a27578f13a17b -> 
  custom:container-demuxer-webm: 4f35f7cbe854078d1ac9338744f61a02 -> 
  custom:container-demuxer-ogg: 62fdf1f143b41e24485cea50d1cbac27 -> 
  custom:video-encoder-webm-vp8: eb34c28f22e8b96e1ab97ce403110664 -> 
  custom:framework-osx-AVFoundation: b23960f63f64bdc6ff669e2cdcee2391 -> 
  custom:video-decoder-webm-vp8: 9c59270c3fd7afecdb556c50c9e8de78 -> 
  custom:audio-decoder-ogg-vorbis: bf7c407c2cedff20999df2af8eb42d56 -> 
  custom:audio-encoder-webm-vorbis: bf7c407c2cedff20999df2af8eb42d56 -> 
========================================================================
Received Import Request.
  path: Assets/Prefabs/AudioObjects/L1_Keyboard.prefab
  artifactKey: Guid(ec75a322a8f134ae586155d4e399798d) Importer(815301076,1909f56bfc062723c751e8b465ee728b)
Start importing Assets/Prefabs/AudioObjects/L1_Keyboard.prefab using Guid(ec75a322a8f134ae586155d4e399798d) Importer(815301076,1909f56bfc062723c751e8b465ee728b)  -> (artifact id: '51ec19a18011bf403c827dd4586007bd') in 0.324717 seconds 
  Import took 0.327878 seconds .

========================================================================
Received Import Request.
  Time since last request: 0.360099 seconds.
  path: Assets/Prefabs/AudioObjects/L1_Keyboard.prefab
  artifactKey: Guid(ec75a322a8f134ae586155d4e399798d) Importer(815301076,1909f56bfc062723c751e8b465ee728b)
Start importing Assets/Prefabs/AudioObjects/L1_Keyboard.prefab using Guid(ec75a322a8f134ae586155d4e399798d) Importer(815301076,1909f56bfc062723c751e8b465ee728b)  -> (artifact id: '914e10ebcadc2c78e36ae90ff0e16f56') in 0.007057 seconds 
  Import took 0.009862 seconds .

========================================================================
Received Import Request.
  Time since last request: 98.543231 seconds.
  path: Assets/Prefabs/AudioObjects/L1_Keyboard.prefab
  artifactKey: Guid(ec75a322a8f134ae586155d4e399798d) Importer(815301076,1909f56bfc062723c751e8b465ee728b)
Start importing Assets/Prefabs/AudioObjects/L1_Keyboard.prefab using Guid(ec75a322a8f134ae586155d4e399798d) Importer(815301076,1909f56bfc062723c751e8b465ee728b)  -> (artifact id: '503758288a0c4d7b1171540012697823') in 0.007574 seconds 
  Import took 0.011353 seconds .

========================================================================
Received Prepare
Registering precompiled user dll's ...
Registered in 0.001967 seconds.
Begin MonoManager ReloadAssembly
Native extension for OSXStandalone target not found
Refreshing native plugins compatible for Editor in 0.42 ms, found 2 plugins.
Preloading 0 native plugins for Editor in 0.00 ms.
Mono: successfully reloaded assembly
- Completed reload, in  1.134 seconds
Platform modules already initialized, skipping
Refreshing native plugins compatible for Editor in 0.35 ms, found 2 plugins.
Preloading 0 native plugins for Editor in 0.00 ms.
Unloading 1401 Unused Serialized files (Serialized files now loaded: 0)
System memory in use before: 140.6 MB.
System memory in use after: 140.7 MB.

Unloading 14 unused Assets to reduce memory usage. Loaded Objects now: 1843.
Total: 2.327979 ms (FindLiveObjects: 0.217573 ms CreateObjectMapping: 0.041055 ms MarkObjects: 2.016773 ms  DeleteObjects: 0.051577 ms)

AssetImportParameters requested are different than current active one (requested -> active):
  custom:video-decoder-ogg-theora: a1e56fd34408186e4bbccfd4996cb3dc -> 
  custom:container-muxer-webm: aa71ff27fc2769a1b78a27578f13a17b -> 
  custom:container-demuxer-webm: 4f35f7cbe854078d1ac9338744f61a02 -> 
  custom:container-demuxer-ogg: 62fdf1f143b41e24485cea50d1cbac27 -> 
  custom:video-encoder-webm-vp8: eb34c28f22e8b96e1ab97ce403110664 -> 
  custom:framework-osx-AVFoundation: b23960f63f64bdc6ff669e2cdcee2391 -> 
  custom:video-decoder-webm-vp8: 9c59270c3fd7afecdb556c50c9e8de78 -> 
  custom:audio-decoder-ogg-vorbis: bf7c407c2cedff20999df2af8eb42d56 -> 
  custom:audio-encoder-webm-vorbis: bf7c407c2cedff20999df2af8eb42d56 -> 
